<?xml version="1.0" encoding="utf-8"?>
<CoverageSession>
  <Summary numSequencePoints="3628" visitedSequencePoints="578" numBranchPoints="214" visitedBranchPoints="108" sequenceCoverage="15.93" branchCoverage="50.46" maxCyclomaticComplexity="133" minCyclomaticComplexity="59" visitedClasses="48" numClasses="87" visitedMethods="132" numMethods="214" />
  <Modules>
    <Module hash="AFAEA9E6-78B5-45E9-963A-C1E35F8A42E4">
      <ModulePath>CleanArchitecture.Application.dll</ModulePath>
      <ModuleTime>2025-12-08T12:26:10</ModuleTime>
      <ModuleName>CleanArchitecture.Application</ModuleName>
      <Files>
        <File uid="1" fullPath="D:\3Dec2025\CleanArchitectureSampleCode\CleanArchitectureDemo-main\CleanArchitectureDemo-main\CleanArchitecture\CleanArchitecture.Application\DependencyInjection.cs" />
        <File uid="2" fullPath="D:\3Dec2025\CleanArchitectureSampleCode\CleanArchitectureDemo-main\CleanArchitectureDemo-main\CleanArchitecture\CleanArchitecture.Application\Validators\Contact\CreateContactSubmissionValidator.cs" />
        <File uid="3" fullPath="D:\3Dec2025\CleanArchitectureSampleCode\CleanArchitectureDemo-main\CleanArchitectureDemo-main\CleanArchitecture\CleanArchitecture.Application\Services\ContactSubmissionService.cs" />
        <File uid="4" fullPath="D:\3Dec2025\CleanArchitectureSampleCode\CleanArchitectureDemo-main\CleanArchitectureDemo-main\CleanArchitecture\CleanArchitecture.Application\Options\SmtpFromOptions.cs" />
        <File uid="5" fullPath="D:\3Dec2025\CleanArchitectureSampleCode\CleanArchitectureDemo-main\CleanArchitectureDemo-main\CleanArchitecture\CleanArchitecture.Application\Mappings\ContactProfile.cs" />
        <File uid="6" fullPath="D:\3Dec2025\CleanArchitectureSampleCode\CleanArchitectureDemo-main\CleanArchitectureDemo-main\CleanArchitecture\CleanArchitecture.Application\Email\EmailTemplates.cs" />
        <File uid="7" fullPath="D:\3Dec2025\CleanArchitectureSampleCode\CleanArchitectureDemo-main\CleanArchitectureDemo-main\CleanArchitecture\CleanArchitecture.Application\Email\QueuedEmail.cs" />
        <File uid="8" fullPath="D:\3Dec2025\CleanArchitectureSampleCode\CleanArchitectureDemo-main\CleanArchitectureDemo-main\CleanArchitecture\CleanArchitecture.Application\DTOs\Contact\ContactSubmissionDto.cs" />
        <File uid="9" fullPath="D:\3Dec2025\CleanArchitectureSampleCode\CleanArchitectureDemo-main\CleanArchitectureDemo-main\CleanArchitecture\CleanArchitecture.Application\DTOs\Contact\CreateContactSubmissionDto.cs" />
      </Files>
      <Classes>
        <Class>
          <Summary numSequencePoints="6" visitedSequencePoints="0" numBranchPoints="0" visitedBranchPoints="0" sequenceCoverage="0" branchCoverage="100" maxCyclomaticComplexity="1" minCyclomaticComplexity="1" visitedClasses="0" numClasses="1" visitedMethods="0" numMethods="1" />
          <FullName>CleanArchitecture.Application.DependencyInjection</FullName>
          <Methods>
            <Method cyclomaticComplexity="1" nPathComplexity="1" sequenceCoverage="0" branchCoverage="100" isConstructor="False" isGetter="False" isSetter="False" isStatic="True">
              <Summary numSequencePoints="6" visitedSequencePoints="0" numBranchPoints="0" visitedBranchPoints="0" sequenceCoverage="0" branchCoverage="100" maxCyclomaticComplexity="1" minCyclomaticComplexity="1" visitedClasses="0" numClasses="0" visitedMethods="0" numMethods="1" />
              <MetadataToken />
              <Name>Microsoft.Extensions.DependencyInjection.IServiceCollection CleanArchitecture.Application.DependencyInjection::AddApplication(Microsoft.Extensions.DependencyInjection.IServiceCollection)</Name>
              <FileRef uid="1" />
              <SequencePoints>
                <SequencePoint vc="0" uspid="17" ordinal="0" sl="17" sc="1" el="17" ec="2" bec="0" bev="0" fileid="1" />
                <SequencePoint vc="0" uspid="19" ordinal="1" sl="19" sc="1" el="19" ec="2" bec="0" bev="0" fileid="1" />
                <SequencePoint vc="0" uspid="24" ordinal="2" sl="24" sc="1" el="24" ec="2" bec="0" bev="0" fileid="1" />
                <SequencePoint vc="0" uspid="27" ordinal="3" sl="27" sc="1" el="27" ec="2" bec="0" bev="0" fileid="1" />
                <SequencePoint vc="0" uspid="30" ordinal="4" sl="30" sc="1" el="30" ec="2" bec="0" bev="0" fileid="1" />
                <SequencePoint vc="0" uspid="31" ordinal="5" sl="31" sc="1" el="31" ec="2" bec="0" bev="0" fileid="1" />
              </SequencePoints>
              <BranchPoints />
              <MethodPoint vc="0" uspid="0" p8:type="SequencePoint" ordinal="0" offset="0" sc="0" sl="17" ec="1" el="31" bec="0" bev="0" fileid="1" xmlns:p8="xsi" />
            </Method>
          </Methods>
        </Class>
        <Class>
          <Summary numSequencePoints="29" visitedSequencePoints="0" numBranchPoints="0" visitedBranchPoints="0" sequenceCoverage="0" branchCoverage="100" maxCyclomaticComplexity="1" minCyclomaticComplexity="1" visitedClasses="0" numClasses="1" visitedMethods="0" numMethods="1" />
          <FullName>CleanArchitecture.Application.Validators.Contact.CreateContactSubmissionValidator</FullName>
          <Methods>
            <Method cyclomaticComplexity="1" nPathComplexity="1" sequenceCoverage="0" branchCoverage="100" isConstructor="True" isGetter="False" isSetter="False" isStatic="True">
              <Summary numSequencePoints="29" visitedSequencePoints="0" numBranchPoints="0" visitedBranchPoints="0" sequenceCoverage="0" branchCoverage="100" maxCyclomaticComplexity="1" minCyclomaticComplexity="1" visitedClasses="0" numClasses="0" visitedMethods="0" numMethods="1" />
              <MetadataToken />
              <Name>System.Void CleanArchitecture.Application.Validators.Contact.CreateContactSubmissionValidator::.ctor()</Name>
              <FileRef uid="2" />
              <SequencePoints>
                <SequencePoint vc="0" uspid="11" ordinal="0" sl="11" sc="1" el="11" ec="2" bec="0" bev="0" fileid="2" />
                <SequencePoint vc="0" uspid="12" ordinal="1" sl="12" sc="1" el="12" ec="2" bec="0" bev="0" fileid="2" />
                <SequencePoint vc="0" uspid="13" ordinal="2" sl="13" sc="1" el="13" ec="2" bec="0" bev="0" fileid="2" />
                <SequencePoint vc="0" uspid="14" ordinal="3" sl="14" sc="1" el="14" ec="2" bec="0" bev="0" fileid="2" />
                <SequencePoint vc="0" uspid="15" ordinal="4" sl="15" sc="1" el="15" ec="2" bec="0" bev="0" fileid="2" />
                <SequencePoint vc="0" uspid="17" ordinal="5" sl="17" sc="1" el="17" ec="2" bec="0" bev="0" fileid="2" />
                <SequencePoint vc="0" uspid="18" ordinal="6" sl="18" sc="1" el="18" ec="2" bec="0" bev="0" fileid="2" />
                <SequencePoint vc="0" uspid="19" ordinal="7" sl="19" sc="1" el="19" ec="2" bec="0" bev="0" fileid="2" />
                <SequencePoint vc="0" uspid="21" ordinal="8" sl="21" sc="1" el="21" ec="2" bec="0" bev="0" fileid="2" />
                <SequencePoint vc="0" uspid="22" ordinal="9" sl="22" sc="1" el="22" ec="2" bec="0" bev="0" fileid="2" />
                <SequencePoint vc="0" uspid="23" ordinal="10" sl="23" sc="1" el="23" ec="2" bec="0" bev="0" fileid="2" />
                <SequencePoint vc="0" uspid="25" ordinal="11" sl="25" sc="1" el="25" ec="2" bec="0" bev="0" fileid="2" />
                <SequencePoint vc="0" uspid="26" ordinal="12" sl="26" sc="1" el="26" ec="2" bec="0" bev="0" fileid="2" />
                <SequencePoint vc="0" uspid="27" ordinal="13" sl="27" sc="1" el="27" ec="2" bec="0" bev="0" fileid="2" />
                <SequencePoint vc="0" uspid="29" ordinal="14" sl="29" sc="1" el="29" ec="2" bec="0" bev="0" fileid="2" />
                <SequencePoint vc="0" uspid="30" ordinal="15" sl="30" sc="1" el="30" ec="2" bec="0" bev="0" fileid="2" />
                <SequencePoint vc="0" uspid="31" ordinal="16" sl="31" sc="1" el="31" ec="2" bec="0" bev="0" fileid="2" />
                <SequencePoint vc="0" uspid="33" ordinal="17" sl="33" sc="1" el="33" ec="2" bec="0" bev="0" fileid="2" />
                <SequencePoint vc="0" uspid="34" ordinal="18" sl="34" sc="1" el="34" ec="2" bec="0" bev="0" fileid="2" />
                <SequencePoint vc="0" uspid="35" ordinal="19" sl="35" sc="1" el="35" ec="2" bec="0" bev="0" fileid="2" />
                <SequencePoint vc="0" uspid="37" ordinal="20" sl="37" sc="1" el="37" ec="2" bec="0" bev="0" fileid="2" />
                <SequencePoint vc="0" uspid="38" ordinal="21" sl="38" sc="1" el="38" ec="2" bec="0" bev="0" fileid="2" />
                <SequencePoint vc="0" uspid="39" ordinal="22" sl="39" sc="1" el="39" ec="2" bec="0" bev="0" fileid="2" />
                <SequencePoint vc="0" uspid="40" ordinal="23" sl="40" sc="1" el="40" ec="2" bec="0" bev="0" fileid="2" />
                <SequencePoint vc="0" uspid="41" ordinal="24" sl="41" sc="1" el="41" ec="2" bec="0" bev="0" fileid="2" />
                <SequencePoint vc="0" uspid="42" ordinal="25" sl="42" sc="1" el="42" ec="2" bec="0" bev="0" fileid="2" />
                <SequencePoint vc="0" uspid="43" ordinal="26" sl="43" sc="1" el="43" ec="2" bec="0" bev="0" fileid="2" />
                <SequencePoint vc="0" uspid="44" ordinal="27" sl="44" sc="1" el="44" ec="2" bec="0" bev="0" fileid="2" />
                <SequencePoint vc="0" uspid="52" ordinal="28" sl="52" sc="1" el="52" ec="2" bec="0" bev="0" fileid="2" />
              </SequencePoints>
              <BranchPoints />
              <MethodPoint vc="0" uspid="0" p8:type="SequencePoint" ordinal="0" offset="0" sc="0" sl="11" ec="1" el="52" bec="0" bev="0" fileid="2" xmlns:p8="xsi" />
            </Method>
          </Methods>
        </Class>
        <Class>
          <Summary numSequencePoints="14" visitedSequencePoints="14" numBranchPoints="0" visitedBranchPoints="0" sequenceCoverage="100" branchCoverage="100" maxCyclomaticComplexity="1" minCyclomaticComplexity="1" visitedClasses="1" numClasses="1" visitedMethods="1" numMethods="1" />
          <FullName>CleanArchitecture.Application.Services.ContactSubmissionService</FullName>
          <Methods>
            <Method cyclomaticComplexity="1" nPathComplexity="1" sequenceCoverage="100" branchCoverage="100" isConstructor="True" isGetter="False" isSetter="False" isStatic="True">
              <Summary numSequencePoints="14" visitedSequencePoints="14" numBranchPoints="0" visitedBranchPoints="0" sequenceCoverage="100" branchCoverage="100" maxCyclomaticComplexity="1" minCyclomaticComplexity="1" visitedClasses="0" numClasses="0" visitedMethods="1" numMethods="1" />
              <MetadataToken />
              <Name>System.Void CleanArchitecture.Application.Services.ContactSubmissionService::.ctor(CleanArchitecture.Domain.Interfaces.IContactSubmissionRepository,CleanArchitecture.Domain.Interfaces.ICountryRepository,CleanArchitecture.Application.Interfaces.IEmailQueue,Microsoft.Extensions.Logging.ILogger`1&lt;CleanArchitecture.Application.Services.ContactSubmissionService&gt;,Microsoft.Extensions.Options.IOptions`1&lt;CleanArchitecture.Application.Options.SmtpFromOptions&gt;,CleanArchitecture.Application.Interfaces.ICaptchaValidator)</Name>
              <FileRef uid="3" />
              <SequencePoints>
                <SequencePoint vc="6" uspid="163" ordinal="0" sl="163" sc="1" el="163" ec="2" bec="0" bev="0" fileid="3" />
                <SequencePoint vc="6" uspid="164" ordinal="1" sl="164" sc="1" el="164" ec="2" bec="0" bev="0" fileid="3" />
                <SequencePoint vc="6" uspid="165" ordinal="2" sl="165" sc="1" el="165" ec="2" bec="0" bev="0" fileid="3" />
                <SequencePoint vc="6" uspid="166" ordinal="3" sl="166" sc="1" el="166" ec="2" bec="0" bev="0" fileid="3" />
                <SequencePoint vc="6" uspid="167" ordinal="4" sl="167" sc="1" el="167" ec="2" bec="0" bev="0" fileid="3" />
                <SequencePoint vc="6" uspid="168" ordinal="5" sl="168" sc="1" el="168" ec="2" bec="0" bev="0" fileid="3" />
                <SequencePoint vc="6" uspid="169" ordinal="6" sl="169" sc="1" el="169" ec="2" bec="0" bev="0" fileid="3" />
                <SequencePoint vc="6" uspid="170" ordinal="7" sl="170" sc="1" el="170" ec="2" bec="0" bev="0" fileid="3" />
                <SequencePoint vc="6" uspid="171" ordinal="8" sl="171" sc="1" el="171" ec="2" bec="0" bev="0" fileid="3" />
                <SequencePoint vc="6" uspid="172" ordinal="9" sl="172" sc="1" el="172" ec="2" bec="0" bev="0" fileid="3" />
                <SequencePoint vc="6" uspid="173" ordinal="10" sl="173" sc="1" el="173" ec="2" bec="0" bev="0" fileid="3" />
                <SequencePoint vc="6" uspid="174" ordinal="11" sl="174" sc="1" el="174" ec="2" bec="0" bev="0" fileid="3" />
                <SequencePoint vc="6" uspid="175" ordinal="12" sl="175" sc="1" el="175" ec="2" bec="0" bev="0" fileid="3" />
                <SequencePoint vc="6" uspid="176" ordinal="13" sl="176" sc="1" el="176" ec="2" bec="0" bev="0" fileid="3" />
              </SequencePoints>
              <BranchPoints />
              <MethodPoint vc="14" uspid="0" p8:type="SequencePoint" ordinal="0" offset="0" sc="0" sl="163" ec="1" el="176" bec="0" bev="0" fileid="3" xmlns:p8="xsi" />
            </Method>
          </Methods>
        </Class>
        <Class>
          <Summary numSequencePoints="85" visitedSequencePoints="75" numBranchPoints="14" visitedBranchPoints="9" sequenceCoverage="88.23" branchCoverage="64.28" maxCyclomaticComplexity="14" minCyclomaticComplexity="14" visitedClasses="1" numClasses="1" visitedMethods="1" numMethods="1" />
          <FullName>CleanArchitecture.Application.Services.ContactSubmissionService/&lt;CreateAsync&gt;d__9</FullName>
          <Methods>
            <Method cyclomaticComplexity="14" nPathComplexity="14" sequenceCoverage="88.23" branchCoverage="64.28" isConstructor="False" isGetter="False" isSetter="False" isStatic="True">
              <Summary numSequencePoints="85" visitedSequencePoints="75" numBranchPoints="14" visitedBranchPoints="9" sequenceCoverage="88.23" branchCoverage="64.28" maxCyclomaticComplexity="14" minCyclomaticComplexity="14" visitedClasses="0" numClasses="0" visitedMethods="1" numMethods="1" />
              <MetadataToken />
              <Name>System.Void CleanArchitecture.Application.Services.ContactSubmissionService/&lt;CreateAsync&gt;d__9::MoveNext()</Name>
              <FileRef uid="3" />
              <SequencePoints>
                <SequencePoint vc="4" uspid="256" ordinal="0" sl="256" sc="1" el="256" ec="2" bec="0" bev="0" fileid="3" />
                <SequencePoint vc="4" uspid="259" ordinal="1" sl="259" sc="1" el="259" ec="2" bec="2" bev="1" fileid="3" />
                <SequencePoint vc="0" uspid="260" ordinal="2" sl="260" sc="1" el="260" ec="2" bec="0" bev="0" fileid="3" />
                <SequencePoint vc="0" uspid="261" ordinal="3" sl="261" sc="1" el="261" ec="2" bec="0" bev="0" fileid="3" />
                <SequencePoint vc="4" uspid="264" ordinal="4" sl="264" sc="1" el="264" ec="2" bec="2" bev="1" fileid="3" />
                <SequencePoint vc="0" uspid="265" ordinal="5" sl="265" sc="1" el="265" ec="2" bec="0" bev="0" fileid="3" />
                <SequencePoint vc="0" uspid="266" ordinal="6" sl="266" sc="1" el="266" ec="2" bec="0" bev="0" fileid="3" />
                <SequencePoint vc="4" uspid="270" ordinal="7" sl="270" sc="1" el="270" ec="2" bec="2" bev="2" fileid="3" />
                <SequencePoint vc="1" uspid="271" ordinal="8" sl="271" sc="1" el="271" ec="2" bec="0" bev="0" fileid="3" />
                <SequencePoint vc="1" uspid="272" ordinal="9" sl="272" sc="1" el="272" ec="2" bec="0" bev="0" fileid="3" />
                <SequencePoint vc="3" uspid="276" ordinal="10" sl="276" sc="1" el="276" ec="2" bec="0" bev="0" fileid="3" />
                <SequencePoint vc="3" uspid="277" ordinal="11" sl="277" sc="1" el="277" ec="2" bec="0" bev="0" fileid="3" />
                <SequencePoint vc="3" uspid="278" ordinal="12" sl="278" sc="1" el="278" ec="2" bec="0" bev="0" fileid="3" />
                <SequencePoint vc="3" uspid="279" ordinal="13" sl="279" sc="1" el="279" ec="2" bec="0" bev="0" fileid="3" />
                <SequencePoint vc="3" uspid="280" ordinal="14" sl="280" sc="1" el="280" ec="2" bec="0" bev="0" fileid="3" />
                <SequencePoint vc="3" uspid="281" ordinal="15" sl="281" sc="1" el="281" ec="2" bec="0" bev="0" fileid="3" />
                <SequencePoint vc="3" uspid="282" ordinal="16" sl="282" sc="1" el="282" ec="2" bec="0" bev="0" fileid="3" />
                <SequencePoint vc="3" uspid="283" ordinal="17" sl="283" sc="1" el="283" ec="2" bec="0" bev="0" fileid="3" />
                <SequencePoint vc="3" uspid="284" ordinal="18" sl="284" sc="1" el="284" ec="2" bec="0" bev="0" fileid="3" />
                <SequencePoint vc="3" uspid="285" ordinal="19" sl="285" sc="1" el="285" ec="2" bec="0" bev="0" fileid="3" />
                <SequencePoint vc="3" uspid="286" ordinal="20" sl="286" sc="1" el="286" ec="2" bec="0" bev="0" fileid="3" />
                <SequencePoint vc="3" uspid="287" ordinal="21" sl="287" sc="1" el="287" ec="2" bec="0" bev="0" fileid="3" />
                <SequencePoint vc="3" uspid="288" ordinal="22" sl="288" sc="1" el="288" ec="2" bec="0" bev="0" fileid="3" />
                <SequencePoint vc="3" uspid="289" ordinal="23" sl="289" sc="1" el="289" ec="2" bec="0" bev="0" fileid="3" />
                <SequencePoint vc="3" uspid="292" ordinal="24" sl="292" sc="1" el="292" ec="2" bec="0" bev="0" fileid="3" />
                <SequencePoint vc="3" uspid="295" ordinal="25" sl="295" sc="1" el="295" ec="2" bec="4" bev="1" fileid="3" />
                <SequencePoint vc="3" uspid="296" ordinal="26" sl="296" sc="1" el="296" ec="2" bec="0" bev="0" fileid="3" />
                <SequencePoint vc="3" uspid="297" ordinal="27" sl="297" sc="1" el="297" ec="2" bec="0" bev="0" fileid="3" />
                <SequencePoint vc="3" uspid="299" ordinal="28" sl="299" sc="1" el="299" ec="2" bec="0" bev="0" fileid="3" />
                <SequencePoint vc="3" uspid="300" ordinal="29" sl="300" sc="1" el="300" ec="2" bec="0" bev="0" fileid="3" />
                <SequencePoint vc="3" uspid="301" ordinal="30" sl="301" sc="1" el="301" ec="2" bec="0" bev="0" fileid="3" />
                <SequencePoint vc="3" uspid="302" ordinal="31" sl="302" sc="1" el="302" ec="2" bec="0" bev="0" fileid="3" />
                <SequencePoint vc="3" uspid="303" ordinal="32" sl="303" sc="1" el="303" ec="2" bec="0" bev="0" fileid="3" />
                <SequencePoint vc="3" uspid="304" ordinal="33" sl="304" sc="1" el="304" ec="2" bec="0" bev="0" fileid="3" />
                <SequencePoint vc="3" uspid="305" ordinal="34" sl="305" sc="1" el="305" ec="2" bec="0" bev="0" fileid="3" />
                <SequencePoint vc="3" uspid="306" ordinal="35" sl="306" sc="1" el="306" ec="2" bec="0" bev="0" fileid="3" />
                <SequencePoint vc="3" uspid="307" ordinal="36" sl="307" sc="1" el="307" ec="2" bec="0" bev="0" fileid="3" />
                <SequencePoint vc="3" uspid="308" ordinal="37" sl="308" sc="1" el="308" ec="2" bec="0" bev="0" fileid="3" />
                <SequencePoint vc="3" uspid="309" ordinal="38" sl="309" sc="1" el="309" ec="2" bec="0" bev="0" fileid="3" />
                <SequencePoint vc="3" uspid="310" ordinal="39" sl="310" sc="1" el="310" ec="2" bec="0" bev="0" fileid="3" />
                <SequencePoint vc="3" uspid="311" ordinal="40" sl="311" sc="1" el="311" ec="2" bec="0" bev="0" fileid="3" />
                <SequencePoint vc="3" uspid="312" ordinal="41" sl="312" sc="1" el="312" ec="2" bec="0" bev="0" fileid="3" />
                <SequencePoint vc="3" uspid="313" ordinal="42" sl="313" sc="1" el="313" ec="2" bec="0" bev="0" fileid="3" />
                <SequencePoint vc="3" uspid="317" ordinal="43" sl="317" sc="1" el="317" ec="2" bec="0" bev="0" fileid="3" />
                <SequencePoint vc="3" uspid="319" ordinal="44" sl="319" sc="1" el="319" ec="2" bec="2" bev="2" fileid="3" />
                <SequencePoint vc="3" uspid="320" ordinal="45" sl="320" sc="1" el="320" ec="2" bec="0" bev="0" fileid="3" />
                <SequencePoint vc="3" uspid="321" ordinal="46" sl="321" sc="1" el="321" ec="2" bec="0" bev="0" fileid="3" />
                <SequencePoint vc="3" uspid="322" ordinal="47" sl="322" sc="1" el="322" ec="2" bec="0" bev="0" fileid="3" />
                <SequencePoint vc="3" uspid="324" ordinal="48" sl="324" sc="1" el="324" ec="2" bec="0" bev="0" fileid="3" />
                <SequencePoint vc="3" uspid="325" ordinal="49" sl="325" sc="1" el="325" ec="2" bec="0" bev="0" fileid="3" />
                <SequencePoint vc="3" uspid="326" ordinal="50" sl="326" sc="1" el="326" ec="2" bec="0" bev="0" fileid="3" />
                <SequencePoint vc="3" uspid="327" ordinal="51" sl="327" sc="1" el="327" ec="2" bec="0" bev="0" fileid="3" />
                <SequencePoint vc="3" uspid="328" ordinal="52" sl="328" sc="1" el="328" ec="2" bec="0" bev="0" fileid="3" />
                <SequencePoint vc="3" uspid="329" ordinal="53" sl="329" sc="1" el="329" ec="2" bec="0" bev="0" fileid="3" />
                <SequencePoint vc="3" uspid="330" ordinal="54" sl="330" sc="1" el="330" ec="2" bec="0" bev="0" fileid="3" />
                <SequencePoint vc="3" uspid="331" ordinal="55" sl="331" sc="1" el="331" ec="2" bec="0" bev="0" fileid="3" />
                <SequencePoint vc="3" uspid="332" ordinal="56" sl="332" sc="1" el="332" ec="2" bec="0" bev="0" fileid="3" />
                <SequencePoint vc="3" uspid="333" ordinal="57" sl="333" sc="1" el="333" ec="2" bec="0" bev="0" fileid="3" />
                <SequencePoint vc="3" uspid="334" ordinal="58" sl="334" sc="1" el="334" ec="2" bec="0" bev="0" fileid="3" />
                <SequencePoint vc="3" uspid="335" ordinal="59" sl="335" sc="1" el="335" ec="2" bec="0" bev="0" fileid="3" />
                <SequencePoint vc="3" uspid="338" ordinal="60" sl="338" sc="1" el="338" ec="2" bec="2" bev="2" fileid="3" />
                <SequencePoint vc="3" uspid="339" ordinal="61" sl="339" sc="1" el="339" ec="2" bec="0" bev="0" fileid="3" />
                <SequencePoint vc="3" uspid="340" ordinal="62" sl="340" sc="1" el="340" ec="2" bec="0" bev="0" fileid="3" />
                <SequencePoint vc="3" uspid="341" ordinal="63" sl="341" sc="1" el="341" ec="2" bec="0" bev="0" fileid="3" />
                <SequencePoint vc="3" uspid="343" ordinal="64" sl="343" sc="1" el="343" ec="2" bec="0" bev="0" fileid="3" />
                <SequencePoint vc="3" uspid="344" ordinal="65" sl="344" sc="1" el="344" ec="2" bec="0" bev="0" fileid="3" />
                <SequencePoint vc="3" uspid="345" ordinal="66" sl="345" sc="1" el="345" ec="2" bec="0" bev="0" fileid="3" />
                <SequencePoint vc="3" uspid="346" ordinal="67" sl="346" sc="1" el="346" ec="2" bec="0" bev="0" fileid="3" />
                <SequencePoint vc="3" uspid="347" ordinal="68" sl="347" sc="1" el="347" ec="2" bec="0" bev="0" fileid="3" />
                <SequencePoint vc="3" uspid="348" ordinal="69" sl="348" sc="1" el="348" ec="2" bec="0" bev="0" fileid="3" />
                <SequencePoint vc="3" uspid="349" ordinal="70" sl="349" sc="1" el="349" ec="2" bec="0" bev="0" fileid="3" />
                <SequencePoint vc="3" uspid="350" ordinal="71" sl="350" sc="1" el="350" ec="2" bec="0" bev="0" fileid="3" />
                <SequencePoint vc="3" uspid="351" ordinal="72" sl="351" sc="1" el="351" ec="2" bec="0" bev="0" fileid="3" />
                <SequencePoint vc="3" uspid="352" ordinal="73" sl="352" sc="1" el="352" ec="2" bec="0" bev="0" fileid="3" />
                <SequencePoint vc="3" uspid="353" ordinal="74" sl="353" sc="1" el="353" ec="2" bec="0" bev="0" fileid="3" />
                <SequencePoint vc="3" uspid="354" ordinal="75" sl="354" sc="1" el="354" ec="2" bec="0" bev="0" fileid="3" />
                <SequencePoint vc="3" uspid="355" ordinal="76" sl="355" sc="1" el="355" ec="2" bec="0" bev="0" fileid="3" />
                <SequencePoint vc="0" uspid="356" ordinal="77" sl="356" sc="1" el="356" ec="2" bec="0" bev="0" fileid="3" />
                <SequencePoint vc="0" uspid="357" ordinal="78" sl="357" sc="1" el="357" ec="2" bec="0" bev="0" fileid="3" />
                <SequencePoint vc="0" uspid="359" ordinal="79" sl="359" sc="1" el="359" ec="2" bec="0" bev="0" fileid="3" />
                <SequencePoint vc="0" uspid="360" ordinal="80" sl="360" sc="1" el="360" ec="2" bec="0" bev="0" fileid="3" />
                <SequencePoint vc="0" uspid="361" ordinal="81" sl="361" sc="1" el="361" ec="2" bec="0" bev="0" fileid="3" />
                <SequencePoint vc="0" uspid="362" ordinal="82" sl="362" sc="1" el="362" ec="2" bec="0" bev="0" fileid="3" />
                <SequencePoint vc="3" uspid="365" ordinal="83" sl="365" sc="1" el="365" ec="2" bec="0" bev="0" fileid="3" />
                <SequencePoint vc="3" uspid="366" ordinal="84" sl="366" sc="1" el="366" ec="2" bec="0" bev="0" fileid="3" />
              </SequencePoints>
              <BranchPoints>
                <BranchPoint vc="0" uspid="259" ordinal="0" path="0" offset="74" offsetend="76" sl="259" fileid="3" />
                <BranchPoint vc="4" uspid="259" ordinal="1" path="1" offset="74" offsetend="93" sl="259" fileid="3" />
                <BranchPoint vc="0" uspid="264" ordinal="2" path="0" offset="111" offsetend="113" sl="264" fileid="3" />
                <BranchPoint vc="4" uspid="264" ordinal="3" path="1" offset="111" offsetend="130" sl="264" fileid="3" />
                <BranchPoint vc="1" uspid="270" ordinal="4" path="0" offset="280" offsetend="282" sl="270" fileid="3" />
                <BranchPoint vc="3" uspid="270" ordinal="5" path="1" offset="280" offsetend="294" sl="270" fileid="3" />
                <BranchPoint vc="0" uspid="295" ordinal="6" path="0" offset="663" offsetend="668" sl="295" fileid="3" />
                <BranchPoint vc="0" uspid="295" ordinal="8" path="0" offset="811" offsetend="813" sl="295" fileid="3" />
                <BranchPoint vc="0" uspid="295" ordinal="9" path="1" offset="811" offsetend="817" sl="295" fileid="3" />
                <BranchPoint vc="3" uspid="295" ordinal="7" path="1" offset="663" offsetend="836" sl="295" fileid="3" />
                <BranchPoint vc="3" uspid="319" ordinal="10" path="0" offset="1058" offsetend="1063" sl="319" fileid="3" />
                <BranchPoint vc="3" uspid="319" ordinal="11" path="1" offset="1058" offsetend="1364" sl="319" fileid="3" />
                <BranchPoint vc="3" uspid="338" ordinal="12" path="0" offset="1392" offsetend="1397" sl="338" fileid="3" />
                <BranchPoint vc="3" uspid="338" ordinal="13" path="1" offset="1392" offsetend="1735" sl="338" fileid="3" />
              </BranchPoints>
              <MethodPoint vc="75" uspid="0" p8:type="SequencePoint" ordinal="0" offset="0" sc="0" sl="256" ec="1" el="366" bec="0" bev="0" fileid="3" xmlns:p8="xsi" />
            </Method>
          </Methods>
        </Class>
        <Class>
          <Summary numSequencePoints="26" visitedSequencePoints="26" numBranchPoints="6" visitedBranchPoints="3" sequenceCoverage="100" branchCoverage="50" maxCyclomaticComplexity="6" minCyclomaticComplexity="6" visitedClasses="1" numClasses="1" visitedMethods="1" numMethods="1" />
          <FullName>CleanArchitecture.Application.Services.ContactSubmissionService/&lt;GetAllAsync&gt;d__8</FullName>
          <Methods>
            <Method cyclomaticComplexity="6" nPathComplexity="6" sequenceCoverage="100" branchCoverage="50" isConstructor="False" isGetter="False" isSetter="False" isStatic="True">
              <Summary numSequencePoints="26" visitedSequencePoints="26" numBranchPoints="6" visitedBranchPoints="3" sequenceCoverage="100" branchCoverage="50" maxCyclomaticComplexity="6" minCyclomaticComplexity="6" visitedClasses="0" numClasses="0" visitedMethods="1" numMethods="1" />
              <MetadataToken />
              <Name>System.Void CleanArchitecture.Application.Services.ContactSubmissionService/&lt;GetAllAsync&gt;d__8::MoveNext()</Name>
              <FileRef uid="3" />
              <SequencePoints>
                <SequencePoint vc="1" uspid="212" ordinal="0" sl="212" sc="1" el="212" ec="2" bec="0" bev="0" fileid="3" />
                <SequencePoint vc="1" uspid="213" ordinal="1" sl="213" sc="1" el="213" ec="2" bec="0" bev="0" fileid="3" />
                <SequencePoint vc="1" uspid="214" ordinal="2" sl="214" sc="1" el="214" ec="2" bec="0" bev="0" fileid="3" />
                <SequencePoint vc="5" uspid="216" ordinal="3" sl="216" sc="1" el="216" ec="2" bec="2" bev="2" fileid="3" />
                <SequencePoint vc="1" uspid="217" ordinal="4" sl="217" sc="1" el="217" ec="2" bec="0" bev="0" fileid="3" />
                <SequencePoint vc="1" uspid="218" ordinal="5" sl="218" sc="1" el="218" ec="2" bec="4" bev="1" fileid="3" />
                <SequencePoint vc="1" uspid="219" ordinal="6" sl="219" sc="1" el="219" ec="2" bec="0" bev="0" fileid="3" />
                <SequencePoint vc="1" uspid="220" ordinal="7" sl="220" sc="1" el="220" ec="2" bec="0" bev="0" fileid="3" />
                <SequencePoint vc="1" uspid="222" ordinal="8" sl="222" sc="1" el="222" ec="2" bec="0" bev="0" fileid="3" />
                <SequencePoint vc="1" uspid="223" ordinal="9" sl="223" sc="1" el="223" ec="2" bec="0" bev="0" fileid="3" />
                <SequencePoint vc="1" uspid="224" ordinal="10" sl="224" sc="1" el="224" ec="2" bec="0" bev="0" fileid="3" />
                <SequencePoint vc="1" uspid="225" ordinal="11" sl="225" sc="1" el="225" ec="2" bec="0" bev="0" fileid="3" />
                <SequencePoint vc="1" uspid="226" ordinal="12" sl="226" sc="1" el="226" ec="2" bec="0" bev="0" fileid="3" />
                <SequencePoint vc="1" uspid="227" ordinal="13" sl="227" sc="1" el="227" ec="2" bec="0" bev="0" fileid="3" />
                <SequencePoint vc="1" uspid="228" ordinal="14" sl="228" sc="1" el="228" ec="2" bec="0" bev="0" fileid="3" />
                <SequencePoint vc="1" uspid="229" ordinal="15" sl="229" sc="1" el="229" ec="2" bec="0" bev="0" fileid="3" />
                <SequencePoint vc="1" uspid="230" ordinal="16" sl="230" sc="1" el="230" ec="2" bec="0" bev="0" fileid="3" />
                <SequencePoint vc="1" uspid="231" ordinal="17" sl="231" sc="1" el="231" ec="2" bec="0" bev="0" fileid="3" />
                <SequencePoint vc="1" uspid="232" ordinal="18" sl="232" sc="1" el="232" ec="2" bec="0" bev="0" fileid="3" />
                <SequencePoint vc="1" uspid="233" ordinal="19" sl="233" sc="1" el="233" ec="2" bec="0" bev="0" fileid="3" />
                <SequencePoint vc="1" uspid="234" ordinal="20" sl="234" sc="1" el="234" ec="2" bec="0" bev="0" fileid="3" />
                <SequencePoint vc="1" uspid="235" ordinal="21" sl="235" sc="1" el="235" ec="2" bec="0" bev="0" fileid="3" />
                <SequencePoint vc="1" uspid="236" ordinal="22" sl="236" sc="1" el="236" ec="2" bec="0" bev="0" fileid="3" />
                <SequencePoint vc="1" uspid="237" ordinal="23" sl="237" sc="1" el="237" ec="2" bec="0" bev="0" fileid="3" />
                <SequencePoint vc="1" uspid="239" ordinal="24" sl="239" sc="1" el="239" ec="2" bec="0" bev="0" fileid="3" />
                <SequencePoint vc="1" uspid="240" ordinal="25" sl="240" sc="1" el="240" ec="2" bec="0" bev="0" fileid="3" />
              </SequencePoints>
              <BranchPoints>
                <BranchPoint vc="1" uspid="216" ordinal="5" path="1" offset="619" offsetend="202" sl="216" fileid="3" />
                <BranchPoint vc="0" uspid="218" ordinal="0" path="0" offset="240" offsetend="245" sl="218" fileid="3" />
                <BranchPoint vc="0" uspid="218" ordinal="2" path="0" offset="387" offsetend="389" sl="218" fileid="3" />
                <BranchPoint vc="0" uspid="218" ordinal="3" path="1" offset="387" offsetend="393" sl="218" fileid="3" />
                <BranchPoint vc="1" uspid="218" ordinal="1" path="1" offset="240" offsetend="412" sl="218" fileid="3" />
                <BranchPoint vc="1" uspid="216" ordinal="4" path="0" offset="619" offsetend="624" sl="216" fileid="3" />
              </BranchPoints>
              <MethodPoint vc="26" uspid="0" p8:type="SequencePoint" ordinal="0" offset="0" sc="0" sl="212" ec="1" el="240" bec="0" bev="0" fileid="3" xmlns:p8="xsi" />
            </Method>
          </Methods>
        </Class>
        <Class>
          <Summary numSequencePoints="21" visitedSequencePoints="21" numBranchPoints="4" visitedBranchPoints="2" sequenceCoverage="100" branchCoverage="50" maxCyclomaticComplexity="4" minCyclomaticComplexity="4" visitedClasses="1" numClasses="1" visitedMethods="1" numMethods="1" />
          <FullName>CleanArchitecture.Application.Services.ContactSubmissionService/&lt;GetByIdAsync&gt;d__7</FullName>
          <Methods>
            <Method cyclomaticComplexity="4" nPathComplexity="4" sequenceCoverage="100" branchCoverage="50" isConstructor="False" isGetter="False" isSetter="False" isStatic="True">
              <Summary numSequencePoints="21" visitedSequencePoints="21" numBranchPoints="4" visitedBranchPoints="2" sequenceCoverage="100" branchCoverage="50" maxCyclomaticComplexity="4" minCyclomaticComplexity="4" visitedClasses="0" numClasses="0" visitedMethods="1" numMethods="1" />
              <MetadataToken />
              <Name>System.Void CleanArchitecture.Application.Services.ContactSubmissionService/&lt;GetByIdAsync&gt;d__7::MoveNext()</Name>
              <FileRef uid="3" />
              <SequencePoints>
                <SequencePoint vc="1" uspid="184" ordinal="0" sl="184" sc="1" el="184" ec="2" bec="0" bev="0" fileid="3" />
                <SequencePoint vc="1" uspid="185" ordinal="1" sl="185" sc="1" el="185" ec="2" bec="0" bev="0" fileid="3" />
                <SequencePoint vc="1" uspid="187" ordinal="2" sl="187" sc="1" el="187" ec="2" bec="4" bev="2" fileid="3" />
                <SequencePoint vc="1" uspid="188" ordinal="3" sl="188" sc="1" el="188" ec="2" bec="0" bev="0" fileid="3" />
                <SequencePoint vc="1" uspid="189" ordinal="4" sl="189" sc="1" el="189" ec="2" bec="0" bev="0" fileid="3" />
                <SequencePoint vc="1" uspid="191" ordinal="5" sl="191" sc="1" el="191" ec="2" bec="0" bev="0" fileid="3" />
                <SequencePoint vc="1" uspid="192" ordinal="6" sl="192" sc="1" el="192" ec="2" bec="0" bev="0" fileid="3" />
                <SequencePoint vc="1" uspid="193" ordinal="7" sl="193" sc="1" el="193" ec="2" bec="0" bev="0" fileid="3" />
                <SequencePoint vc="1" uspid="194" ordinal="8" sl="194" sc="1" el="194" ec="2" bec="0" bev="0" fileid="3" />
                <SequencePoint vc="1" uspid="195" ordinal="9" sl="195" sc="1" el="195" ec="2" bec="0" bev="0" fileid="3" />
                <SequencePoint vc="1" uspid="196" ordinal="10" sl="196" sc="1" el="196" ec="2" bec="0" bev="0" fileid="3" />
                <SequencePoint vc="1" uspid="197" ordinal="11" sl="197" sc="1" el="197" ec="2" bec="0" bev="0" fileid="3" />
                <SequencePoint vc="1" uspid="198" ordinal="12" sl="198" sc="1" el="198" ec="2" bec="0" bev="0" fileid="3" />
                <SequencePoint vc="1" uspid="199" ordinal="13" sl="199" sc="1" el="199" ec="2" bec="0" bev="0" fileid="3" />
                <SequencePoint vc="1" uspid="200" ordinal="14" sl="200" sc="1" el="200" ec="2" bec="0" bev="0" fileid="3" />
                <SequencePoint vc="1" uspid="201" ordinal="15" sl="201" sc="1" el="201" ec="2" bec="0" bev="0" fileid="3" />
                <SequencePoint vc="1" uspid="202" ordinal="16" sl="202" sc="1" el="202" ec="2" bec="0" bev="0" fileid="3" />
                <SequencePoint vc="1" uspid="203" ordinal="17" sl="203" sc="1" el="203" ec="2" bec="0" bev="0" fileid="3" />
                <SequencePoint vc="1" uspid="204" ordinal="18" sl="204" sc="1" el="204" ec="2" bec="0" bev="0" fileid="3" />
                <SequencePoint vc="1" uspid="205" ordinal="19" sl="205" sc="1" el="205" ec="2" bec="0" bev="0" fileid="3" />
                <SequencePoint vc="1" uspid="206" ordinal="20" sl="206" sc="1" el="206" ec="2" bec="0" bev="0" fileid="3" />
              </SequencePoints>
              <BranchPoints>
                <BranchPoint vc="1" uspid="187" ordinal="0" path="0" offset="182" offsetend="187" sl="187" fileid="3" />
                <BranchPoint vc="0" uspid="187" ordinal="2" path="0" offset="329" offsetend="331" sl="187" fileid="3" />
                <BranchPoint vc="1" uspid="187" ordinal="3" path="1" offset="329" offsetend="335" sl="187" fileid="3" />
                <BranchPoint vc="0" uspid="187" ordinal="1" path="1" offset="182" offsetend="354" sl="187" fileid="3" />
              </BranchPoints>
              <MethodPoint vc="21" uspid="0" p8:type="SequencePoint" ordinal="0" offset="0" sc="0" sl="184" ec="1" el="206" bec="0" bev="0" fileid="3" xmlns:p8="xsi" />
            </Method>
          </Methods>
        </Class>
        <Class>
          <Summary numSequencePoints="3" visitedSequencePoints="3" numBranchPoints="0" visitedBranchPoints="0" sequenceCoverage="100" branchCoverage="100" maxCyclomaticComplexity="1" minCyclomaticComplexity="1" visitedClasses="1" numClasses="1" visitedMethods="3" numMethods="3" />
          <FullName>CleanArchitecture.Application.Options.SmtpFromOptions</FullName>
          <Methods>
            <Method cyclomaticComplexity="1" nPathComplexity="1" sequenceCoverage="100" branchCoverage="100" isConstructor="False" isGetter="True" isSetter="False" isStatic="True">
              <Summary numSequencePoints="1" visitedSequencePoints="1" numBranchPoints="0" visitedBranchPoints="0" sequenceCoverage="100" branchCoverage="100" maxCyclomaticComplexity="1" minCyclomaticComplexity="1" visitedClasses="0" numClasses="0" visitedMethods="1" numMethods="1" />
              <MetadataToken />
              <Name>System.String CleanArchitecture.Application.Options.SmtpFromOptions::get_FromEmail()</Name>
              <FileRef uid="4" />
              <SequencePoints>
                <SequencePoint vc="18" uspid="5" ordinal="0" sl="5" sc="1" el="5" ec="2" bec="0" bev="0" fileid="4" />
              </SequencePoints>
              <BranchPoints />
              <MethodPoint vc="1" uspid="0" p8:type="SequencePoint" ordinal="0" offset="0" sc="0" sl="5" ec="1" el="5" bec="0" bev="0" fileid="4" xmlns:p8="xsi" />
            </Method>
            <Method cyclomaticComplexity="1" nPathComplexity="1" sequenceCoverage="100" branchCoverage="100" isConstructor="False" isGetter="True" isSetter="False" isStatic="True">
              <Summary numSequencePoints="1" visitedSequencePoints="1" numBranchPoints="0" visitedBranchPoints="0" sequenceCoverage="100" branchCoverage="100" maxCyclomaticComplexity="1" minCyclomaticComplexity="1" visitedClasses="0" numClasses="0" visitedMethods="1" numMethods="1" />
              <MetadataToken />
              <Name>System.String CleanArchitecture.Application.Options.SmtpFromOptions::get_FromName()</Name>
              <FileRef uid="4" />
              <SequencePoints>
                <SequencePoint vc="18" uspid="6" ordinal="0" sl="6" sc="1" el="6" ec="2" bec="0" bev="0" fileid="4" />
              </SequencePoints>
              <BranchPoints />
              <MethodPoint vc="1" uspid="0" p8:type="SequencePoint" ordinal="1" offset="1" sc="0" sl="6" ec="1" el="6" bec="0" bev="0" fileid="4" xmlns:p8="xsi" />
            </Method>
            <Method cyclomaticComplexity="1" nPathComplexity="1" sequenceCoverage="100" branchCoverage="100" isConstructor="False" isGetter="True" isSetter="False" isStatic="True">
              <Summary numSequencePoints="1" visitedSequencePoints="1" numBranchPoints="0" visitedBranchPoints="0" sequenceCoverage="100" branchCoverage="100" maxCyclomaticComplexity="1" minCyclomaticComplexity="1" visitedClasses="0" numClasses="0" visitedMethods="1" numMethods="1" />
              <MetadataToken />
              <Name>System.String CleanArchitecture.Application.Options.SmtpFromOptions::get_AdminEmail()</Name>
              <FileRef uid="4" />
              <SequencePoints>
                <SequencePoint vc="18" uspid="7" ordinal="0" sl="7" sc="1" el="7" ec="2" bec="0" bev="0" fileid="4" />
              </SequencePoints>
              <BranchPoints />
              <MethodPoint vc="1" uspid="0" p8:type="SequencePoint" ordinal="2" offset="2" sc="0" sl="7" ec="1" el="7" bec="0" bev="0" fileid="4" xmlns:p8="xsi" />
            </Method>
          </Methods>
        </Class>
        <Class>
          <Summary numSequencePoints="6" visitedSequencePoints="0" numBranchPoints="0" visitedBranchPoints="0" sequenceCoverage="0" branchCoverage="100" maxCyclomaticComplexity="1" minCyclomaticComplexity="1" visitedClasses="0" numClasses="1" visitedMethods="0" numMethods="1" />
          <FullName>CleanArchitecture.Application.Mappings.ContactProfile</FullName>
          <Methods>
            <Method cyclomaticComplexity="1" nPathComplexity="1" sequenceCoverage="0" branchCoverage="100" isConstructor="True" isGetter="False" isSetter="False" isStatic="True">
              <Summary numSequencePoints="6" visitedSequencePoints="0" numBranchPoints="0" visitedBranchPoints="0" sequenceCoverage="0" branchCoverage="100" maxCyclomaticComplexity="1" minCyclomaticComplexity="1" visitedClasses="0" numClasses="0" visitedMethods="0" numMethods="1" />
              <MetadataToken />
              <Name>System.Void CleanArchitecture.Application.Mappings.ContactProfile::.ctor()</Name>
              <FileRef uid="5" />
              <SequencePoints>
                <SequencePoint vc="0" uspid="12" ordinal="0" sl="12" sc="1" el="12" ec="2" bec="0" bev="0" fileid="5" />
                <SequencePoint vc="0" uspid="13" ordinal="1" sl="13" sc="1" el="13" ec="2" bec="0" bev="0" fileid="5" />
                <SequencePoint vc="0" uspid="14" ordinal="2" sl="14" sc="1" el="14" ec="2" bec="0" bev="0" fileid="5" />
                <SequencePoint vc="0" uspid="15" ordinal="3" sl="15" sc="1" el="15" ec="2" bec="0" bev="0" fileid="5" />
                <SequencePoint vc="0" uspid="17" ordinal="4" sl="17" sc="1" el="17" ec="2" bec="0" bev="0" fileid="5" />
                <SequencePoint vc="0" uspid="18" ordinal="5" sl="18" sc="1" el="18" ec="2" bec="0" bev="0" fileid="5" />
              </SequencePoints>
              <BranchPoints />
              <MethodPoint vc="0" uspid="0" p8:type="SequencePoint" ordinal="0" offset="0" sc="0" sl="12" ec="1" el="18" bec="0" bev="0" fileid="5" xmlns:p8="xsi" />
            </Method>
          </Methods>
        </Class>
        <Class>
          <Summary numSequencePoints="42" visitedSequencePoints="42" numBranchPoints="44" visitedBranchPoints="42" sequenceCoverage="100" branchCoverage="95.45" maxCyclomaticComplexity="16" minCyclomaticComplexity="6" visitedClasses="1" numClasses="1" visitedMethods="4" numMethods="4" />
          <FullName>CleanArchitecture.Application.Email.EmailTemplates</FullName>
          <Methods>
            <Method cyclomaticComplexity="6" nPathComplexity="6" sequenceCoverage="100" branchCoverage="100" isConstructor="False" isGetter="False" isSetter="False" isStatic="True">
              <Summary numSequencePoints="14" visitedSequencePoints="14" numBranchPoints="6" visitedBranchPoints="6" sequenceCoverage="100" branchCoverage="100" maxCyclomaticComplexity="6" minCyclomaticComplexity="6" visitedClasses="0" numClasses="0" visitedMethods="1" numMethods="1" />
              <MetadataToken />
              <Name>System.String CleanArchitecture.Application.Email.EmailTemplates::ContactUserConfirmation(CleanArchitecture.Domain.Entities.ContactSubmission)</Name>
              <FileRef uid="6" />
              <SequencePoints>
                <SequencePoint vc="3" uspid="9" ordinal="0" sl="9" sc="1" el="9" ec="2" bec="0" bev="0" fileid="6" />
                <SequencePoint vc="3" uspid="11" ordinal="1" sl="11" sc="1" el="11" ec="2" bec="4" bev="4" fileid="6" />
                <SequencePoint vc="3" uspid="12" ordinal="2" sl="12" sc="1" el="12" ec="2" bec="2" bev="2" fileid="6" />
                <SequencePoint vc="3" uspid="13" ordinal="3" sl="13" sc="1" el="13" ec="2" bec="0" bev="0" fileid="6" />
                <SequencePoint vc="3" uspid="14" ordinal="4" sl="14" sc="1" el="14" ec="2" bec="0" bev="0" fileid="6" />
                <SequencePoint vc="3" uspid="15" ordinal="5" sl="15" sc="1" el="15" ec="2" bec="0" bev="0" fileid="6" />
                <SequencePoint vc="3" uspid="16" ordinal="6" sl="16" sc="1" el="16" ec="2" bec="0" bev="0" fileid="6" />
                <SequencePoint vc="3" uspid="17" ordinal="7" sl="17" sc="1" el="17" ec="2" bec="0" bev="0" fileid="6" />
                <SequencePoint vc="3" uspid="18" ordinal="8" sl="18" sc="1" el="18" ec="2" bec="0" bev="0" fileid="6" />
                <SequencePoint vc="3" uspid="19" ordinal="9" sl="19" sc="1" el="19" ec="2" bec="0" bev="0" fileid="6" />
                <SequencePoint vc="3" uspid="20" ordinal="10" sl="20" sc="1" el="20" ec="2" bec="0" bev="0" fileid="6" />
                <SequencePoint vc="3" uspid="21" ordinal="11" sl="21" sc="1" el="21" ec="2" bec="0" bev="0" fileid="6" />
                <SequencePoint vc="3" uspid="22" ordinal="12" sl="22" sc="1" el="22" ec="2" bec="0" bev="0" fileid="6" />
                <SequencePoint vc="3" uspid="23" ordinal="13" sl="23" sc="1" el="23" ec="2" bec="0" bev="0" fileid="6" />
              </SequencePoints>
              <BranchPoints>
                <BranchPoint vc="3" uspid="11" ordinal="0" path="0" offset="13" offsetend="15" sl="11" fileid="6" />
                <BranchPoint vc="3" uspid="11" ordinal="1" path="1" offset="13" offsetend="21" sl="11" fileid="6" />
                <BranchPoint vc="3" uspid="11" ordinal="2" path="0" offset="33" offsetend="35" sl="11" fileid="6" />
                <BranchPoint vc="3" uspid="11" ordinal="3" path="1" offset="33" offsetend="41" sl="11" fileid="6" />
                <BranchPoint vc="3" uspid="12" ordinal="4" path="0" offset="64" offsetend="66" sl="12" fileid="6" />
                <BranchPoint vc="3" uspid="12" ordinal="5" path="1" offset="64" offsetend="72" sl="12" fileid="6" />
              </BranchPoints>
              <MethodPoint vc="14" uspid="0" p8:type="SequencePoint" ordinal="0" offset="0" sc="0" sl="9" ec="1" el="23" bec="0" bev="0" fileid="6" xmlns:p8="xsi" />
            </Method>
            <Method cyclomaticComplexity="6" nPathComplexity="6" sequenceCoverage="100" branchCoverage="100" isConstructor="False" isGetter="False" isSetter="False" isStatic="True">
              <Summary numSequencePoints="3" visitedSequencePoints="3" numBranchPoints="6" visitedBranchPoints="6" sequenceCoverage="100" branchCoverage="100" maxCyclomaticComplexity="6" minCyclomaticComplexity="6" visitedClasses="0" numClasses="0" visitedMethods="1" numMethods="1" />
              <MetadataToken />
              <Name>System.String CleanArchitecture.Application.Email.EmailTemplates::ContactUserConfirmationPlain(CleanArchitecture.Domain.Entities.ContactSubmission)</Name>
              <FileRef uid="6" />
              <SequencePoints>
                <SequencePoint vc="3" uspid="26" ordinal="0" sl="26" sc="1" el="26" ec="2" bec="0" bev="0" fileid="6" />
                <SequencePoint vc="3" uspid="28" ordinal="1" sl="28" sc="1" el="28" ec="2" bec="6" bev="6" fileid="6" />
                <SequencePoint vc="3" uspid="29" ordinal="2" sl="29" sc="1" el="29" ec="2" bec="0" bev="0" fileid="6" />
              </SequencePoints>
              <BranchPoints>
                <BranchPoint vc="3" uspid="28" ordinal="0" path="0" offset="33" offsetend="35" sl="28" fileid="6" />
                <BranchPoint vc="3" uspid="28" ordinal="1" path="1" offset="33" offsetend="41" sl="28" fileid="6" />
                <BranchPoint vc="3" uspid="28" ordinal="2" path="0" offset="69" offsetend="71" sl="28" fileid="6" />
                <BranchPoint vc="3" uspid="28" ordinal="3" path="1" offset="69" offsetend="77" sl="28" fileid="6" />
                <BranchPoint vc="3" uspid="28" ordinal="4" path="0" offset="105" offsetend="107" sl="28" fileid="6" />
                <BranchPoint vc="3" uspid="28" ordinal="5" path="1" offset="105" offsetend="113" sl="28" fileid="6" />
              </BranchPoints>
              <MethodPoint vc="3" uspid="0" p8:type="SequencePoint" ordinal="1" offset="1" sc="0" sl="26" ec="1" el="29" bec="0" bev="0" fileid="6" xmlns:p8="xsi" />
            </Method>
            <Method cyclomaticComplexity="16" nPathComplexity="16" sequenceCoverage="100" branchCoverage="93.75" isConstructor="False" isGetter="False" isSetter="False" isStatic="True">
              <Summary numSequencePoints="22" visitedSequencePoints="22" numBranchPoints="16" visitedBranchPoints="15" sequenceCoverage="100" branchCoverage="93.75" maxCyclomaticComplexity="16" minCyclomaticComplexity="16" visitedClasses="0" numClasses="0" visitedMethods="1" numMethods="1" />
              <MetadataToken />
              <Name>System.String CleanArchitecture.Application.Email.EmailTemplates::ContactAdminNotification(CleanArchitecture.Domain.Entities.ContactSubmission)</Name>
              <FileRef uid="6" />
              <SequencePoints>
                <SequencePoint vc="3" uspid="32" ordinal="0" sl="32" sc="1" el="32" ec="2" bec="0" bev="0" fileid="6" />
                <SequencePoint vc="3" uspid="34" ordinal="1" sl="34" sc="1" el="34" ec="2" bec="4" bev="4" fileid="6" />
                <SequencePoint vc="3" uspid="35" ordinal="2" sl="35" sc="1" el="35" ec="2" bec="2" bev="2" fileid="6" />
                <SequencePoint vc="3" uspid="36" ordinal="3" sl="36" sc="1" el="36" ec="2" bec="2" bev="1" fileid="6" />
                <SequencePoint vc="3" uspid="37" ordinal="4" sl="37" sc="1" el="37" ec="2" bec="2" bev="2" fileid="6" />
                <SequencePoint vc="3" uspid="38" ordinal="5" sl="38" sc="1" el="38" ec="2" bec="2" bev="2" fileid="6" />
                <SequencePoint vc="3" uspid="39" ordinal="6" sl="39" sc="1" el="39" ec="2" bec="2" bev="2" fileid="6" />
                <SequencePoint vc="3" uspid="40" ordinal="7" sl="40" sc="1" el="40" ec="2" bec="2" bev="2" fileid="6" />
                <SequencePoint vc="3" uspid="42" ordinal="8" sl="42" sc="1" el="42" ec="2" bec="0" bev="0" fileid="6" />
                <SequencePoint vc="3" uspid="43" ordinal="9" sl="43" sc="1" el="43" ec="2" bec="0" bev="0" fileid="6" />
                <SequencePoint vc="3" uspid="44" ordinal="10" sl="44" sc="1" el="44" ec="2" bec="0" bev="0" fileid="6" />
                <SequencePoint vc="3" uspid="45" ordinal="11" sl="45" sc="1" el="45" ec="2" bec="0" bev="0" fileid="6" />
                <SequencePoint vc="3" uspid="46" ordinal="12" sl="46" sc="1" el="46" ec="2" bec="0" bev="0" fileid="6" />
                <SequencePoint vc="3" uspid="47" ordinal="13" sl="47" sc="1" el="47" ec="2" bec="0" bev="0" fileid="6" />
                <SequencePoint vc="3" uspid="48" ordinal="14" sl="48" sc="1" el="48" ec="2" bec="0" bev="0" fileid="6" />
                <SequencePoint vc="3" uspid="49" ordinal="15" sl="49" sc="1" el="49" ec="2" bec="0" bev="0" fileid="6" />
                <SequencePoint vc="3" uspid="50" ordinal="16" sl="50" sc="1" el="50" ec="2" bec="0" bev="0" fileid="6" />
                <SequencePoint vc="3" uspid="51" ordinal="17" sl="51" sc="1" el="51" ec="2" bec="0" bev="0" fileid="6" />
                <SequencePoint vc="3" uspid="52" ordinal="18" sl="52" sc="1" el="52" ec="2" bec="0" bev="0" fileid="6" />
                <SequencePoint vc="3" uspid="53" ordinal="19" sl="53" sc="1" el="53" ec="2" bec="0" bev="0" fileid="6" />
                <SequencePoint vc="3" uspid="54" ordinal="20" sl="54" sc="1" el="54" ec="2" bec="0" bev="0" fileid="6" />
                <SequencePoint vc="3" uspid="55" ordinal="21" sl="55" sc="1" el="55" ec="2" bec="0" bev="0" fileid="6" />
              </SequencePoints>
              <BranchPoints>
                <BranchPoint vc="3" uspid="34" ordinal="0" path="0" offset="13" offsetend="15" sl="34" fileid="6" />
                <BranchPoint vc="3" uspid="34" ordinal="1" path="1" offset="13" offsetend="21" sl="34" fileid="6" />
                <BranchPoint vc="3" uspid="34" ordinal="2" path="0" offset="33" offsetend="35" sl="34" fileid="6" />
                <BranchPoint vc="3" uspid="34" ordinal="3" path="1" offset="33" offsetend="41" sl="34" fileid="6" />
                <BranchPoint vc="3" uspid="35" ordinal="4" path="0" offset="64" offsetend="66" sl="35" fileid="6" />
                <BranchPoint vc="3" uspid="35" ordinal="5" path="1" offset="64" offsetend="72" sl="35" fileid="6" />
                <BranchPoint vc="0" uspid="36" ordinal="6" path="0" offset="90" offsetend="92" sl="36" fileid="6" />
                <BranchPoint vc="3" uspid="36" ordinal="7" path="1" offset="90" offsetend="98" sl="36" fileid="6" />
                <BranchPoint vc="3" uspid="37" ordinal="8" path="0" offset="116" offsetend="118" sl="37" fileid="6" />
                <BranchPoint vc="3" uspid="37" ordinal="9" path="1" offset="116" offsetend="124" sl="37" fileid="6" />
                <BranchPoint vc="3" uspid="38" ordinal="10" path="0" offset="142" offsetend="144" sl="38" fileid="6" />
                <BranchPoint vc="3" uspid="38" ordinal="11" path="1" offset="142" offsetend="150" sl="38" fileid="6" />
                <BranchPoint vc="3" uspid="39" ordinal="12" path="0" offset="169" offsetend="171" sl="39" fileid="6" />
                <BranchPoint vc="3" uspid="39" ordinal="13" path="1" offset="169" offsetend="177" sl="39" fileid="6" />
                <BranchPoint vc="3" uspid="40" ordinal="14" path="0" offset="196" offsetend="198" sl="40" fileid="6" />
                <BranchPoint vc="3" uspid="40" ordinal="15" path="1" offset="196" offsetend="204" sl="40" fileid="6" />
              </BranchPoints>
              <MethodPoint vc="22" uspid="0" p8:type="SequencePoint" ordinal="2" offset="2" sc="0" sl="32" ec="1" el="55" bec="0" bev="0" fileid="6" xmlns:p8="xsi" />
            </Method>
            <Method cyclomaticComplexity="16" nPathComplexity="16" sequenceCoverage="100" branchCoverage="93.75" isConstructor="False" isGetter="False" isSetter="False" isStatic="True">
              <Summary numSequencePoints="3" visitedSequencePoints="3" numBranchPoints="16" visitedBranchPoints="15" sequenceCoverage="100" branchCoverage="93.75" maxCyclomaticComplexity="16" minCyclomaticComplexity="16" visitedClasses="0" numClasses="0" visitedMethods="1" numMethods="1" />
              <MetadataToken />
              <Name>System.String CleanArchitecture.Application.Email.EmailTemplates::ContactAdminNotificationPlain(CleanArchitecture.Domain.Entities.ContactSubmission)</Name>
              <FileRef uid="6" />
              <SequencePoints>
                <SequencePoint vc="3" uspid="58" ordinal="0" sl="58" sc="1" el="58" ec="2" bec="0" bev="0" fileid="6" />
                <SequencePoint vc="3" uspid="60" ordinal="1" sl="60" sc="1" el="60" ec="2" bec="16" bev="15" fileid="6" />
                <SequencePoint vc="3" uspid="61" ordinal="2" sl="61" sc="1" el="61" ec="2" bec="0" bev="0" fileid="6" />
              </SequencePoints>
              <BranchPoints>
                <BranchPoint vc="3" uspid="60" ordinal="0" path="0" offset="34" offsetend="36" sl="60" fileid="6" />
                <BranchPoint vc="3" uspid="60" ordinal="1" path="1" offset="34" offsetend="42" sl="60" fileid="6" />
                <BranchPoint vc="3" uspid="60" ordinal="2" path="0" offset="70" offsetend="72" sl="60" fileid="6" />
                <BranchPoint vc="3" uspid="60" ordinal="3" path="1" offset="70" offsetend="78" sl="60" fileid="6" />
                <BranchPoint vc="0" uspid="60" ordinal="4" path="0" offset="106" offsetend="108" sl="60" fileid="6" />
                <BranchPoint vc="3" uspid="60" ordinal="5" path="1" offset="106" offsetend="114" sl="60" fileid="6" />
                <BranchPoint vc="3" uspid="60" ordinal="6" path="0" offset="142" offsetend="144" sl="60" fileid="6" />
                <BranchPoint vc="3" uspid="60" ordinal="7" path="1" offset="142" offsetend="150" sl="60" fileid="6" />
                <BranchPoint vc="3" uspid="60" ordinal="8" path="0" offset="178" offsetend="180" sl="60" fileid="6" />
                <BranchPoint vc="3" uspid="60" ordinal="9" path="1" offset="178" offsetend="186" sl="60" fileid="6" />
                <BranchPoint vc="3" uspid="60" ordinal="10" path="0" offset="214" offsetend="216" sl="60" fileid="6" />
                <BranchPoint vc="3" uspid="60" ordinal="11" path="1" offset="214" offsetend="222" sl="60" fileid="6" />
                <BranchPoint vc="3" uspid="60" ordinal="12" path="0" offset="250" offsetend="252" sl="60" fileid="6" />
                <BranchPoint vc="3" uspid="60" ordinal="13" path="1" offset="250" offsetend="258" sl="60" fileid="6" />
                <BranchPoint vc="3" uspid="60" ordinal="14" path="0" offset="286" offsetend="288" sl="60" fileid="6" />
                <BranchPoint vc="3" uspid="60" ordinal="15" path="1" offset="286" offsetend="294" sl="60" fileid="6" />
              </BranchPoints>
              <MethodPoint vc="3" uspid="0" p8:type="SequencePoint" ordinal="3" offset="3" sc="0" sl="58" ec="1" el="61" bec="0" bev="0" fileid="6" xmlns:p8="xsi" />
            </Method>
          </Methods>
        </Class>
        <Class>
          <Summary numSequencePoints="9" visitedSequencePoints="9" numBranchPoints="0" visitedBranchPoints="0" sequenceCoverage="100" branchCoverage="100" maxCyclomaticComplexity="1" minCyclomaticComplexity="1" visitedClasses="1" numClasses="1" visitedMethods="9" numMethods="9" />
          <FullName>CleanArchitecture.Application.Email.QueuedEmail</FullName>
          <Methods>
            <Method cyclomaticComplexity="1" nPathComplexity="1" sequenceCoverage="100" branchCoverage="100" isConstructor="False" isGetter="True" isSetter="False" isStatic="True">
              <Summary numSequencePoints="1" visitedSequencePoints="1" numBranchPoints="0" visitedBranchPoints="0" sequenceCoverage="100" branchCoverage="100" maxCyclomaticComplexity="1" minCyclomaticComplexity="1" visitedClasses="0" numClasses="0" visitedMethods="1" numMethods="1" />
              <MetadataToken />
              <Name>System.String CleanArchitecture.Application.Email.QueuedEmail::get_ToEmail()</Name>
              <FileRef uid="7" />
              <SequencePoints>
                <SequencePoint vc="234" uspid="5" ordinal="0" sl="5" sc="1" el="5" ec="2" bec="0" bev="0" fileid="7" />
              </SequencePoints>
              <BranchPoints />
              <MethodPoint vc="1" uspid="0" p8:type="SequencePoint" ordinal="0" offset="0" sc="0" sl="5" ec="1" el="5" bec="0" bev="0" fileid="7" xmlns:p8="xsi" />
            </Method>
            <Method cyclomaticComplexity="1" nPathComplexity="1" sequenceCoverage="100" branchCoverage="100" isConstructor="False" isGetter="True" isSetter="False" isStatic="True">
              <Summary numSequencePoints="1" visitedSequencePoints="1" numBranchPoints="0" visitedBranchPoints="0" sequenceCoverage="100" branchCoverage="100" maxCyclomaticComplexity="1" minCyclomaticComplexity="1" visitedClasses="0" numClasses="0" visitedMethods="1" numMethods="1" />
              <MetadataToken />
              <Name>System.String CleanArchitecture.Application.Email.QueuedEmail::get_Subject()</Name>
              <FileRef uid="7" />
              <SequencePoints>
                <SequencePoint vc="332" uspid="6" ordinal="0" sl="6" sc="1" el="6" ec="2" bec="0" bev="0" fileid="7" />
              </SequencePoints>
              <BranchPoints />
              <MethodPoint vc="1" uspid="0" p8:type="SequencePoint" ordinal="1" offset="1" sc="0" sl="6" ec="1" el="6" bec="0" bev="0" fileid="7" xmlns:p8="xsi" />
            </Method>
            <Method cyclomaticComplexity="1" nPathComplexity="1" sequenceCoverage="100" branchCoverage="100" isConstructor="False" isGetter="True" isSetter="False" isStatic="True">
              <Summary numSequencePoints="1" visitedSequencePoints="1" numBranchPoints="0" visitedBranchPoints="0" sequenceCoverage="100" branchCoverage="100" maxCyclomaticComplexity="1" minCyclomaticComplexity="1" visitedClasses="0" numClasses="0" visitedMethods="1" numMethods="1" />
              <MetadataToken />
              <Name>System.String CleanArchitecture.Application.Email.QueuedEmail::get_HtmlBody()</Name>
              <FileRef uid="7" />
              <SequencePoints>
                <SequencePoint vc="123" uspid="7" ordinal="0" sl="7" sc="1" el="7" ec="2" bec="0" bev="0" fileid="7" />
              </SequencePoints>
              <BranchPoints />
              <MethodPoint vc="1" uspid="0" p8:type="SequencePoint" ordinal="2" offset="2" sc="0" sl="7" ec="1" el="7" bec="0" bev="0" fileid="7" xmlns:p8="xsi" />
            </Method>
            <Method cyclomaticComplexity="1" nPathComplexity="1" sequenceCoverage="100" branchCoverage="100" isConstructor="False" isGetter="True" isSetter="False" isStatic="True">
              <Summary numSequencePoints="1" visitedSequencePoints="1" numBranchPoints="0" visitedBranchPoints="0" sequenceCoverage="100" branchCoverage="100" maxCyclomaticComplexity="1" minCyclomaticComplexity="1" visitedClasses="0" numClasses="0" visitedMethods="1" numMethods="1" />
              <MetadataToken />
              <Name>System.String CleanArchitecture.Application.Email.QueuedEmail::get_PlainBody()</Name>
              <FileRef uid="7" />
              <SequencePoints>
                <SequencePoint vc="122" uspid="8" ordinal="0" sl="8" sc="1" el="8" ec="2" bec="0" bev="0" fileid="7" />
              </SequencePoints>
              <BranchPoints />
              <MethodPoint vc="1" uspid="0" p8:type="SequencePoint" ordinal="3" offset="3" sc="0" sl="8" ec="1" el="8" bec="0" bev="0" fileid="7" xmlns:p8="xsi" />
            </Method>
            <Method cyclomaticComplexity="1" nPathComplexity="1" sequenceCoverage="100" branchCoverage="100" isConstructor="False" isGetter="True" isSetter="False" isStatic="True">
              <Summary numSequencePoints="1" visitedSequencePoints="1" numBranchPoints="0" visitedBranchPoints="0" sequenceCoverage="100" branchCoverage="100" maxCyclomaticComplexity="1" minCyclomaticComplexity="1" visitedClasses="0" numClasses="0" visitedMethods="1" numMethods="1" />
              <MetadataToken />
              <Name>System.String CleanArchitecture.Application.Email.QueuedEmail::get_FromEmail()</Name>
              <FileRef uid="7" />
              <SequencePoints>
                <SequencePoint vc="122" uspid="9" ordinal="0" sl="9" sc="1" el="9" ec="2" bec="0" bev="0" fileid="7" />
              </SequencePoints>
              <BranchPoints />
              <MethodPoint vc="1" uspid="0" p8:type="SequencePoint" ordinal="4" offset="4" sc="0" sl="9" ec="1" el="9" bec="0" bev="0" fileid="7" xmlns:p8="xsi" />
            </Method>
            <Method cyclomaticComplexity="1" nPathComplexity="1" sequenceCoverage="100" branchCoverage="100" isConstructor="False" isGetter="True" isSetter="False" isStatic="True">
              <Summary numSequencePoints="1" visitedSequencePoints="1" numBranchPoints="0" visitedBranchPoints="0" sequenceCoverage="100" branchCoverage="100" maxCyclomaticComplexity="1" minCyclomaticComplexity="1" visitedClasses="0" numClasses="0" visitedMethods="1" numMethods="1" />
              <MetadataToken />
              <Name>System.String CleanArchitecture.Application.Email.QueuedEmail::get_FromName()</Name>
              <FileRef uid="7" />
              <SequencePoints>
                <SequencePoint vc="122" uspid="10" ordinal="0" sl="10" sc="1" el="10" ec="2" bec="0" bev="0" fileid="7" />
              </SequencePoints>
              <BranchPoints />
              <MethodPoint vc="1" uspid="0" p8:type="SequencePoint" ordinal="5" offset="5" sc="0" sl="10" ec="1" el="10" bec="0" bev="0" fileid="7" xmlns:p8="xsi" />
            </Method>
            <Method cyclomaticComplexity="1" nPathComplexity="1" sequenceCoverage="100" branchCoverage="100" isConstructor="False" isGetter="True" isSetter="False" isStatic="True">
              <Summary numSequencePoints="1" visitedSequencePoints="1" numBranchPoints="0" visitedBranchPoints="0" sequenceCoverage="100" branchCoverage="100" maxCyclomaticComplexity="1" minCyclomaticComplexity="1" visitedClasses="0" numClasses="0" visitedMethods="1" numMethods="1" />
              <MetadataToken />
              <Name>System.Guid CleanArchitecture.Application.Email.QueuedEmail::get_RelatedEntityId()</Name>
              <FileRef uid="7" />
              <SequencePoints>
                <SequencePoint vc="6" uspid="11" ordinal="0" sl="11" sc="1" el="11" ec="2" bec="0" bev="0" fileid="7" />
              </SequencePoints>
              <BranchPoints />
              <MethodPoint vc="1" uspid="0" p8:type="SequencePoint" ordinal="6" offset="6" sc="0" sl="11" ec="1" el="11" bec="0" bev="0" fileid="7" xmlns:p8="xsi" />
            </Method>
            <Method cyclomaticComplexity="1" nPathComplexity="1" sequenceCoverage="100" branchCoverage="100" isConstructor="False" isGetter="True" isSetter="False" isStatic="True">
              <Summary numSequencePoints="1" visitedSequencePoints="1" numBranchPoints="0" visitedBranchPoints="0" sequenceCoverage="100" branchCoverage="100" maxCyclomaticComplexity="1" minCyclomaticComplexity="1" visitedClasses="0" numClasses="0" visitedMethods="1" numMethods="1" />
              <MetadataToken />
              <Name>System.String CleanArchitecture.Application.Email.QueuedEmail::get_Type()</Name>
              <FileRef uid="7" />
              <SequencePoints>
                <SequencePoint vc="114" uspid="12" ordinal="0" sl="12" sc="1" el="12" ec="2" bec="0" bev="0" fileid="7" />
              </SequencePoints>
              <BranchPoints />
              <MethodPoint vc="1" uspid="0" p8:type="SequencePoint" ordinal="7" offset="7" sc="0" sl="12" ec="1" el="12" bec="0" bev="0" fileid="7" xmlns:p8="xsi" />
            </Method>
            <Method cyclomaticComplexity="1" nPathComplexity="1" sequenceCoverage="100" branchCoverage="100" isConstructor="False" isGetter="True" isSetter="False" isStatic="True">
              <Summary numSequencePoints="1" visitedSequencePoints="1" numBranchPoints="0" visitedBranchPoints="0" sequenceCoverage="100" branchCoverage="100" maxCyclomaticComplexity="1" minCyclomaticComplexity="1" visitedClasses="0" numClasses="0" visitedMethods="1" numMethods="1" />
              <MetadataToken />
              <Name>System.Int32 CleanArchitecture.Application.Email.QueuedEmail::get_Attempt()</Name>
              <FileRef uid="7" />
              <SequencePoints>
                <SequencePoint vc="114" uspid="13" ordinal="0" sl="13" sc="1" el="13" ec="2" bec="0" bev="0" fileid="7" />
              </SequencePoints>
              <BranchPoints />
              <MethodPoint vc="1" uspid="0" p8:type="SequencePoint" ordinal="8" offset="8" sc="0" sl="13" ec="1" el="13" bec="0" bev="0" fileid="7" xmlns:p8="xsi" />
            </Method>
          </Methods>
        </Class>
        <Class>
          <Summary numSequencePoints="15" visitedSequencePoints="9" numBranchPoints="0" visitedBranchPoints="0" sequenceCoverage="60" branchCoverage="100" maxCyclomaticComplexity="1" minCyclomaticComplexity="1" visitedClasses="1" numClasses="1" visitedMethods="8" numMethods="14" />
          <FullName>CleanArchitecture.Application.DTOs.Contact.ContactSubmissionDto</FullName>
          <Methods>
            <Method cyclomaticComplexity="1" nPathComplexity="1" sequenceCoverage="100" branchCoverage="100" isConstructor="False" isGetter="True" isSetter="False" isStatic="True">
              <Summary numSequencePoints="1" visitedSequencePoints="1" numBranchPoints="0" visitedBranchPoints="0" sequenceCoverage="100" branchCoverage="100" maxCyclomaticComplexity="1" minCyclomaticComplexity="1" visitedClasses="0" numClasses="0" visitedMethods="1" numMethods="1" />
              <MetadataToken />
              <Name>System.Guid CleanArchitecture.Application.DTOs.Contact.ContactSubmissionDto::get_Id()</Name>
              <FileRef uid="8" />
              <SequencePoints>
                <SequencePoint vc="4" uspid="10" ordinal="0" sl="10" sc="1" el="10" ec="2" bec="0" bev="0" fileid="8" />
              </SequencePoints>
              <BranchPoints />
              <MethodPoint vc="1" uspid="0" p8:type="SequencePoint" ordinal="0" offset="0" sc="0" sl="10" ec="1" el="10" bec="0" bev="0" fileid="8" xmlns:p8="xsi" />
            </Method>
            <Method cyclomaticComplexity="1" nPathComplexity="1" sequenceCoverage="100" branchCoverage="100" isConstructor="False" isGetter="True" isSetter="False" isStatic="True">
              <Summary numSequencePoints="1" visitedSequencePoints="1" numBranchPoints="0" visitedBranchPoints="0" sequenceCoverage="100" branchCoverage="100" maxCyclomaticComplexity="1" minCyclomaticComplexity="1" visitedClasses="0" numClasses="0" visitedMethods="1" numMethods="1" />
              <MetadataToken />
              <Name>System.String CleanArchitecture.Application.DTOs.Contact.ContactSubmissionDto::get_FirstName()</Name>
              <FileRef uid="8" />
              <SequencePoints>
                <SequencePoint vc="2" uspid="11" ordinal="0" sl="11" sc="1" el="11" ec="2" bec="0" bev="0" fileid="8" />
              </SequencePoints>
              <BranchPoints />
              <MethodPoint vc="1" uspid="0" p8:type="SequencePoint" ordinal="1" offset="1" sc="0" sl="11" ec="1" el="11" bec="0" bev="0" fileid="8" xmlns:p8="xsi" />
            </Method>
            <Method cyclomaticComplexity="1" nPathComplexity="1" sequenceCoverage="100" branchCoverage="100" isConstructor="False" isGetter="True" isSetter="False" isStatic="True">
              <Summary numSequencePoints="1" visitedSequencePoints="1" numBranchPoints="0" visitedBranchPoints="0" sequenceCoverage="100" branchCoverage="100" maxCyclomaticComplexity="1" minCyclomaticComplexity="1" visitedClasses="0" numClasses="0" visitedMethods="1" numMethods="1" />
              <MetadataToken />
              <Name>System.String CleanArchitecture.Application.DTOs.Contact.ContactSubmissionDto::get_LastName()</Name>
              <FileRef uid="8" />
              <SequencePoints>
                <SequencePoint vc="1" uspid="12" ordinal="0" sl="12" sc="1" el="12" ec="2" bec="0" bev="0" fileid="8" />
              </SequencePoints>
              <BranchPoints />
              <MethodPoint vc="1" uspid="0" p8:type="SequencePoint" ordinal="2" offset="2" sc="0" sl="12" ec="1" el="12" bec="0" bev="0" fileid="8" xmlns:p8="xsi" />
            </Method>
            <Method cyclomaticComplexity="1" nPathComplexity="1" sequenceCoverage="0" branchCoverage="100" isConstructor="False" isGetter="True" isSetter="False" isStatic="True">
              <Summary numSequencePoints="1" visitedSequencePoints="0" numBranchPoints="0" visitedBranchPoints="0" sequenceCoverage="0" branchCoverage="100" maxCyclomaticComplexity="1" minCyclomaticComplexity="1" visitedClasses="0" numClasses="0" visitedMethods="0" numMethods="1" />
              <MetadataToken />
              <Name>System.String CleanArchitecture.Application.DTOs.Contact.ContactSubmissionDto::get_Email()</Name>
              <FileRef uid="8" />
              <SequencePoints>
                <SequencePoint vc="0" uspid="13" ordinal="0" sl="13" sc="1" el="13" ec="2" bec="0" bev="0" fileid="8" />
              </SequencePoints>
              <BranchPoints />
              <MethodPoint vc="0" uspid="0" p8:type="SequencePoint" ordinal="3" offset="3" sc="0" sl="13" ec="1" el="13" bec="0" bev="0" fileid="8" xmlns:p8="xsi" />
            </Method>
            <Method cyclomaticComplexity="1" nPathComplexity="1" sequenceCoverage="0" branchCoverage="100" isConstructor="False" isGetter="True" isSetter="False" isStatic="True">
              <Summary numSequencePoints="1" visitedSequencePoints="0" numBranchPoints="0" visitedBranchPoints="0" sequenceCoverage="0" branchCoverage="100" maxCyclomaticComplexity="1" minCyclomaticComplexity="1" visitedClasses="0" numClasses="0" visitedMethods="0" numMethods="1" />
              <MetadataToken />
              <Name>System.String CleanArchitecture.Application.DTOs.Contact.ContactSubmissionDto::get_Phone()</Name>
              <FileRef uid="8" />
              <SequencePoints>
                <SequencePoint vc="0" uspid="14" ordinal="0" sl="14" sc="1" el="14" ec="2" bec="0" bev="0" fileid="8" />
              </SequencePoints>
              <BranchPoints />
              <MethodPoint vc="0" uspid="0" p8:type="SequencePoint" ordinal="4" offset="4" sc="0" sl="14" ec="1" el="14" bec="0" bev="0" fileid="8" xmlns:p8="xsi" />
            </Method>
            <Method cyclomaticComplexity="1" nPathComplexity="1" sequenceCoverage="0" branchCoverage="100" isConstructor="False" isGetter="True" isSetter="False" isStatic="True">
              <Summary numSequencePoints="1" visitedSequencePoints="0" numBranchPoints="0" visitedBranchPoints="0" sequenceCoverage="0" branchCoverage="100" maxCyclomaticComplexity="1" minCyclomaticComplexity="1" visitedClasses="0" numClasses="0" visitedMethods="0" numMethods="1" />
              <MetadataToken />
              <Name>System.String CleanArchitecture.Application.DTOs.Contact.ContactSubmissionDto::get_PhoneCountryCode()</Name>
              <FileRef uid="8" />
              <SequencePoints>
                <SequencePoint vc="0" uspid="15" ordinal="0" sl="15" sc="1" el="15" ec="2" bec="0" bev="0" fileid="8" />
              </SequencePoints>
              <BranchPoints />
              <MethodPoint vc="0" uspid="0" p8:type="SequencePoint" ordinal="5" offset="5" sc="0" sl="15" ec="1" el="15" bec="0" bev="0" fileid="8" xmlns:p8="xsi" />
            </Method>
            <Method cyclomaticComplexity="1" nPathComplexity="1" sequenceCoverage="100" branchCoverage="100" isConstructor="False" isGetter="True" isSetter="False" isStatic="True">
              <Summary numSequencePoints="1" visitedSequencePoints="1" numBranchPoints="0" visitedBranchPoints="0" sequenceCoverage="100" branchCoverage="100" maxCyclomaticComplexity="1" minCyclomaticComplexity="1" visitedClasses="0" numClasses="0" visitedMethods="1" numMethods="1" />
              <MetadataToken />
              <Name>System.String CleanArchitecture.Application.DTOs.Contact.ContactSubmissionDto::get_Country()</Name>
              <FileRef uid="8" />
              <SequencePoints>
                <SequencePoint vc="1" uspid="16" ordinal="0" sl="16" sc="1" el="16" ec="2" bec="0" bev="0" fileid="8" />
              </SequencePoints>
              <BranchPoints />
              <MethodPoint vc="1" uspid="0" p8:type="SequencePoint" ordinal="6" offset="6" sc="0" sl="16" ec="1" el="16" bec="0" bev="0" fileid="8" xmlns:p8="xsi" />
            </Method>
            <Method cyclomaticComplexity="1" nPathComplexity="1" sequenceCoverage="100" branchCoverage="100" isConstructor="False" isGetter="True" isSetter="False" isStatic="True">
              <Summary numSequencePoints="1" visitedSequencePoints="1" numBranchPoints="0" visitedBranchPoints="0" sequenceCoverage="100" branchCoverage="100" maxCyclomaticComplexity="1" minCyclomaticComplexity="1" visitedClasses="0" numClasses="0" visitedMethods="1" numMethods="1" />
              <MetadataToken />
              <Name>System.String CleanArchitecture.Application.DTOs.Contact.ContactSubmissionDto::get_State()</Name>
              <FileRef uid="8" />
              <SequencePoints>
                <SequencePoint vc="1" uspid="17" ordinal="0" sl="17" sc="1" el="17" ec="2" bec="0" bev="0" fileid="8" />
              </SequencePoints>
              <BranchPoints />
              <MethodPoint vc="1" uspid="0" p8:type="SequencePoint" ordinal="7" offset="7" sc="0" sl="17" ec="1" el="17" bec="0" bev="0" fileid="8" xmlns:p8="xsi" />
            </Method>
            <Method cyclomaticComplexity="1" nPathComplexity="1" sequenceCoverage="100" branchCoverage="100" isConstructor="False" isGetter="True" isSetter="False" isStatic="True">
              <Summary numSequencePoints="1" visitedSequencePoints="1" numBranchPoints="0" visitedBranchPoints="0" sequenceCoverage="100" branchCoverage="100" maxCyclomaticComplexity="1" minCyclomaticComplexity="1" visitedClasses="0" numClasses="0" visitedMethods="1" numMethods="1" />
              <MetadataToken />
              <Name>System.String CleanArchitecture.Application.DTOs.Contact.ContactSubmissionDto::get_City()</Name>
              <FileRef uid="8" />
              <SequencePoints>
                <SequencePoint vc="1" uspid="18" ordinal="0" sl="18" sc="1" el="18" ec="2" bec="0" bev="0" fileid="8" />
              </SequencePoints>
              <BranchPoints />
              <MethodPoint vc="1" uspid="0" p8:type="SequencePoint" ordinal="8" offset="8" sc="0" sl="18" ec="1" el="18" bec="0" bev="0" fileid="8" xmlns:p8="xsi" />
            </Method>
            <Method cyclomaticComplexity="1" nPathComplexity="1" sequenceCoverage="0" branchCoverage="100" isConstructor="False" isGetter="True" isSetter="False" isStatic="True">
              <Summary numSequencePoints="1" visitedSequencePoints="0" numBranchPoints="0" visitedBranchPoints="0" sequenceCoverage="0" branchCoverage="100" maxCyclomaticComplexity="1" minCyclomaticComplexity="1" visitedClasses="0" numClasses="0" visitedMethods="0" numMethods="1" />
              <MetadataToken />
              <Name>System.String CleanArchitecture.Application.DTOs.Contact.ContactSubmissionDto::get_Subject()</Name>
              <FileRef uid="8" />
              <SequencePoints>
                <SequencePoint vc="0" uspid="19" ordinal="0" sl="19" sc="1" el="19" ec="2" bec="0" bev="0" fileid="8" />
              </SequencePoints>
              <BranchPoints />
              <MethodPoint vc="0" uspid="0" p8:type="SequencePoint" ordinal="9" offset="9" sc="0" sl="19" ec="1" el="19" bec="0" bev="0" fileid="8" xmlns:p8="xsi" />
            </Method>
            <Method cyclomaticComplexity="1" nPathComplexity="1" sequenceCoverage="0" branchCoverage="100" isConstructor="False" isGetter="True" isSetter="False" isStatic="True">
              <Summary numSequencePoints="1" visitedSequencePoints="0" numBranchPoints="0" visitedBranchPoints="0" sequenceCoverage="0" branchCoverage="100" maxCyclomaticComplexity="1" minCyclomaticComplexity="1" visitedClasses="0" numClasses="0" visitedMethods="0" numMethods="1" />
              <MetadataToken />
              <Name>System.String CleanArchitecture.Application.DTOs.Contact.ContactSubmissionDto::get_Message()</Name>
              <FileRef uid="8" />
              <SequencePoints>
                <SequencePoint vc="0" uspid="20" ordinal="0" sl="20" sc="1" el="20" ec="2" bec="0" bev="0" fileid="8" />
              </SequencePoints>
              <BranchPoints />
              <MethodPoint vc="0" uspid="0" p8:type="SequencePoint" ordinal="10" offset="10" sc="0" sl="20" ec="1" el="20" bec="0" bev="0" fileid="8" xmlns:p8="xsi" />
            </Method>
            <Method cyclomaticComplexity="1" nPathComplexity="1" sequenceCoverage="100" branchCoverage="100" isConstructor="False" isGetter="True" isSetter="False" isStatic="True">
              <Summary numSequencePoints="1" visitedSequencePoints="1" numBranchPoints="0" visitedBranchPoints="0" sequenceCoverage="100" branchCoverage="100" maxCyclomaticComplexity="1" minCyclomaticComplexity="1" visitedClasses="0" numClasses="0" visitedMethods="1" numMethods="1" />
              <MetadataToken />
              <Name>System.String CleanArchitecture.Application.DTOs.Contact.ContactSubmissionDto::get_IpAddress()</Name>
              <FileRef uid="8" />
[...]
                <SequencePoint vc="12" uspid="233" ordinal="4" sl="233" sc="1" el="233" ec="2" bec="0" bev="0" fileid="57" />
              </SequencePoints>
              <BranchPoints>
                <BranchPoint vc="0" uspid="229" ordinal="0" path="0" offset="9" offsetend="11" sl="229" fileid="57" />
                <BranchPoint vc="12" uspid="229" ordinal="1" path="1" offset="9" offsetend="15" sl="229" fileid="57" />
              </BranchPoints>
              <MethodPoint vc="5" uspid="0" p8:type="SequencePoint" ordinal="0" offset="0" sc="0" sl="228" ec="1" el="233" bec="0" bev="0" fileid="57" xmlns:p8="xsi" />
            </Method>
          </Methods>
        </Class>
        <Class>
          <Summary numSequencePoints="8" visitedSequencePoints="8" numBranchPoints="0" visitedBranchPoints="0" sequenceCoverage="100" branchCoverage="100" maxCyclomaticComplexity="1" minCyclomaticComplexity="1" visitedClasses="1" numClasses="1" visitedMethods="1" numMethods="1" />
          <FullName>CleanArchitecture.WebApi.BackgroundServices.EmailSenderBackgroundService</FullName>
          <Methods>
            <Method cyclomaticComplexity="1" nPathComplexity="1" sequenceCoverage="100" branchCoverage="100" isConstructor="True" isGetter="False" isSetter="False" isStatic="True">
              <Summary numSequencePoints="8" visitedSequencePoints="8" numBranchPoints="0" visitedBranchPoints="0" sequenceCoverage="100" branchCoverage="100" maxCyclomaticComplexity="1" minCyclomaticComplexity="1" visitedClasses="0" numClasses="0" visitedMethods="1" numMethods="1" />
              <MetadataToken />
              <Name>System.Void CleanArchitecture.WebApi.BackgroundServices.EmailSenderBackgroundService::.ctor(System.IServiceProvider,CleanArchitecture.Application.Interfaces.IEmailQueue,Microsoft.Extensions.Logging.ILogger`1&lt;CleanArchitecture.WebApi.BackgroundServices.EmailSenderBackgroundService&gt;)</Name>
              <FileRef uid="58" />
              <SequencePoints>
                <SequencePoint vc="2" uspid="19" ordinal="0" sl="19" sc="1" el="19" ec="2" bec="0" bev="0" fileid="58" />
                <SequencePoint vc="2" uspid="20" ordinal="1" sl="20" sc="1" el="20" ec="2" bec="0" bev="0" fileid="58" />
                <SequencePoint vc="2" uspid="22" ordinal="2" sl="22" sc="1" el="22" ec="2" bec="0" bev="0" fileid="58" />
                <SequencePoint vc="2" uspid="23" ordinal="3" sl="23" sc="1" el="23" ec="2" bec="0" bev="0" fileid="58" />
                <SequencePoint vc="2" uspid="24" ordinal="4" sl="24" sc="1" el="24" ec="2" bec="0" bev="0" fileid="58" />
                <SequencePoint vc="2" uspid="25" ordinal="5" sl="25" sc="1" el="25" ec="2" bec="0" bev="0" fileid="58" />
                <SequencePoint vc="2" uspid="26" ordinal="6" sl="26" sc="1" el="26" ec="2" bec="0" bev="0" fileid="58" />
                <SequencePoint vc="2" uspid="27" ordinal="7" sl="27" sc="1" el="27" ec="2" bec="0" bev="0" fileid="58" />
              </SequencePoints>
              <BranchPoints />
              <MethodPoint vc="8" uspid="0" p8:type="SequencePoint" ordinal="0" offset="0" sc="0" sl="19" ec="1" el="27" bec="0" bev="0" fileid="58" xmlns:p8="xsi" />
            </Method>
          </Methods>
        </Class>
        <Class>
          <Summary numSequencePoints="18" visitedSequencePoints="9" numBranchPoints="8" visitedBranchPoints="2" sequenceCoverage="50" branchCoverage="25" maxCyclomaticComplexity="8" minCyclomaticComplexity="8" visitedClasses="1" numClasses="1" visitedMethods="1" numMethods="1" />
          <FullName>CleanArchitecture.WebApi.BackgroundServices.EmailSenderBackgroundService/&lt;ExecuteAsync&gt;d__6</FullName>
          <Methods>
            <Method cyclomaticComplexity="8" nPathComplexity="8" sequenceCoverage="50" branchCoverage="25" isConstructor="False" isGetter="False" isSetter="False" isStatic="True">
              <Summary numSequencePoints="18" visitedSequencePoints="9" numBranchPoints="8" visitedBranchPoints="2" sequenceCoverage="50" branchCoverage="25" maxCyclomaticComplexity="8" minCyclomaticComplexity="8" visitedClasses="0" numClasses="0" visitedMethods="1" numMethods="1" />
              <MetadataToken />
              <Name>System.Void CleanArchitecture.WebApi.BackgroundServices.EmailSenderBackgroundService/&lt;ExecuteAsync&gt;d__6::MoveNext()</Name>
              <FileRef uid="58" />
              <SequencePoints>
                <SequencePoint vc="2" uspid="30" ordinal="0" sl="30" sc="1" el="30" ec="2" bec="0" bev="0" fileid="58" />
                <SequencePoint vc="2" uspid="31" ordinal="1" sl="31" sc="1" el="31" ec="2" bec="0" bev="0" fileid="58" />
                <SequencePoint vc="2" uspid="34" ordinal="2" sl="34" sc="1" el="34" ec="2" bec="2" bev="1" fileid="58" />
                <SequencePoint vc="0" uspid="35" ordinal="3" sl="35" sc="1" el="35" ec="2" bec="0" bev="0" fileid="58" />
                <SequencePoint vc="0" uspid="36" ordinal="4" sl="36" sc="1" el="36" ec="2" bec="0" bev="0" fileid="58" />
                <SequencePoint vc="0" uspid="37" ordinal="5" sl="37" sc="1" el="37" ec="2" bec="0" bev="0" fileid="58" />
                <SequencePoint vc="2" uspid="41" ordinal="6" sl="41" sc="1" el="41" ec="2" bec="0" bev="0" fileid="58" />
                <SequencePoint vc="2" uspid="42" ordinal="7" sl="42" sc="1" el="42" ec="2" bec="2" bev="1" fileid="58" />
                <SequencePoint vc="2" uspid="43" ordinal="8" sl="43" sc="1" el="43" ec="2" bec="0" bev="0" fileid="58" />
                <SequencePoint vc="2" uspid="44" ordinal="9" sl="44" sc="1" el="44" ec="2" bec="0" bev="0" fileid="58" />
                <SequencePoint vc="2" uspid="45" ordinal="10" sl="45" sc="1" el="45" ec="2" bec="0" bev="0" fileid="58" />
                <SequencePoint vc="0" uspid="48" ordinal="11" sl="48" sc="1" el="48" ec="2" bec="0" bev="0" fileid="58" />
                <SequencePoint vc="0" uspid="50" ordinal="12" sl="50" sc="1" el="50" ec="2" bec="2" bev="0" fileid="58" />
                <SequencePoint vc="0" uspid="51" ordinal="13" sl="51" sc="1" el="51" ec="2" bec="0" bev="0" fileid="58" />
                <SequencePoint vc="0" uspid="52" ordinal="14" sl="52" sc="1" el="52" ec="2" bec="2" bev="0" fileid="58" />
                <SequencePoint vc="0" uspid="53" ordinal="15" sl="53" sc="1" el="53" ec="2" bec="0" bev="0" fileid="58" />
                <SequencePoint vc="0" uspid="54" ordinal="16" sl="54" sc="1" el="54" ec="2" bec="0" bev="0" fileid="58" />
                <SequencePoint vc="2" uspid="55" ordinal="17" sl="55" sc="1" el="55" ec="2" bec="0" bev="0" fileid="58" />
              </SequencePoints>
              <BranchPoints>
                <BranchPoint vc="0" uspid="34" ordinal="0" path="0" offset="73" offsetend="75" sl="34" fileid="58" />
                <BranchPoint vc="2" uspid="34" ordinal="1" path="1" offset="73" offsetend="108" sl="34" fileid="58" />
                <BranchPoint vc="2" uspid="42" ordinal="2" path="0" offset="154" offsetend="156" sl="42" fileid="58" />
                <BranchPoint vc="0" uspid="42" ordinal="3" path="1" offset="154" offsetend="189" sl="42" fileid="58" />
                <BranchPoint vc="0" uspid="50" ordinal="7" path="1" offset="578" offsetend="298" sl="50" fileid="58" />
                <BranchPoint vc="0" uspid="52" ordinal="5" path="1" offset="329" offsetend="333" sl="52" fileid="58" />
                <BranchPoint vc="0" uspid="52" ordinal="4" path="0" offset="329" offsetend="458" sl="52" fileid="58" />
                <BranchPoint vc="0" uspid="50" ordinal="6" path="0" offset="578" offsetend="583" sl="50" fileid="58" />
              </BranchPoints>
              <MethodPoint vc="9" uspid="0" p8:type="SequencePoint" ordinal="0" offset="0" sc="0" sl="30" ec="1" el="55" bec="0" bev="0" fileid="58" xmlns:p8="xsi" />
            </Method>
          </Methods>
        </Class>
        <Class>
          <Summary numSequencePoints="74" visitedSequencePoints="0" numBranchPoints="10" visitedBranchPoints="0" sequenceCoverage="0" branchCoverage="0" maxCyclomaticComplexity="10" minCyclomaticComplexity="10" visitedClasses="0" numClasses="1" visitedMethods="0" numMethods="1" />
          <FullName>CleanArchitecture.WebApi.BackgroundServices.EmailSenderBackgroundService/&lt;ProcessEmailAsync&gt;d__7</FullName>
          <Methods>
            <Method cyclomaticComplexity="10" nPathComplexity="10" sequenceCoverage="0" branchCoverage="0" isConstructor="False" isGetter="False" isSetter="False" isStatic="True">
              <Summary numSequencePoints="74" visitedSequencePoints="0" numBranchPoints="10" visitedBranchPoints="0" sequenceCoverage="0" branchCoverage="0" maxCyclomaticComplexity="10" minCyclomaticComplexity="10" visitedClasses="0" numClasses="0" visitedMethods="0" numMethods="1" />
              <MetadataToken />
              <Name>System.Void CleanArchitecture.WebApi.BackgroundServices.EmailSenderBackgroundService/&lt;ProcessEmailAsync&gt;d__7::MoveNext()</Name>
              <FileRef uid="58" />
              <SequencePoints>
                <SequencePoint vc="0" uspid="58" ordinal="0" sl="58" sc="1" el="58" ec="2" bec="0" bev="0" fileid="58" />
                <SequencePoint vc="0" uspid="59" ordinal="1" sl="59" sc="1" el="59" ec="2" bec="0" bev="0" fileid="58" />
                <SequencePoint vc="0" uspid="60" ordinal="2" sl="60" sc="1" el="60" ec="2" bec="0" bev="0" fileid="58" />
                <SequencePoint vc="0" uspid="61" ordinal="3" sl="61" sc="1" el="61" ec="2" bec="0" bev="0" fileid="58" />
                <SequencePoint vc="0" uspid="62" ordinal="4" sl="62" sc="1" el="62" ec="2" bec="0" bev="0" fileid="58" />
                <SequencePoint vc="0" uspid="65" ordinal="5" sl="65" sc="1" el="65" ec="2" bec="0" bev="0" fileid="58" />
                <SequencePoint vc="0" uspid="66" ordinal="6" sl="66" sc="1" el="66" ec="2" bec="0" bev="0" fileid="58" />
                <SequencePoint vc="0" uspid="67" ordinal="7" sl="67" sc="1" el="67" ec="2" bec="0" bev="0" fileid="58" />
                <SequencePoint vc="0" uspid="68" ordinal="8" sl="68" sc="1" el="68" ec="2" bec="0" bev="0" fileid="58" />
                <SequencePoint vc="0" uspid="69" ordinal="9" sl="69" sc="1" el="69" ec="2" bec="0" bev="0" fileid="58" />
                <SequencePoint vc="0" uspid="70" ordinal="10" sl="70" sc="1" el="70" ec="2" bec="0" bev="0" fileid="58" />
                <SequencePoint vc="0" uspid="71" ordinal="11" sl="71" sc="1" el="71" ec="2" bec="0" bev="0" fileid="58" />
                <SequencePoint vc="0" uspid="72" ordinal="12" sl="72" sc="1" el="72" ec="2" bec="0" bev="0" fileid="58" />
                <SequencePoint vc="0" uspid="73" ordinal="13" sl="73" sc="1" el="73" ec="2" bec="0" bev="0" fileid="58" />
                <SequencePoint vc="0" uspid="76" ordinal="14" sl="76" sc="1" el="76" ec="2" bec="0" bev="0" fileid="58" />
                <SequencePoint vc="0" uspid="78" ordinal="15" sl="78" sc="1" el="78" ec="2" bec="0" bev="0" fileid="58" />
                <SequencePoint vc="0" uspid="81" ordinal="16" sl="81" sc="1" el="81" ec="2" bec="0" bev="0" fileid="58" />
                <SequencePoint vc="0" uspid="82" ordinal="17" sl="82" sc="1" el="82" ec="2" bec="0" bev="0" fileid="58" />
                <SequencePoint vc="0" uspid="83" ordinal="18" sl="83" sc="1" el="83" ec="2" bec="0" bev="0" fileid="58" />
                <SequencePoint vc="0" uspid="85" ordinal="19" sl="85" sc="1" el="85" ec="2" bec="4" bev="0" fileid="58" />
                <SequencePoint vc="0" uspid="86" ordinal="20" sl="86" sc="1" el="86" ec="2" bec="0" bev="0" fileid="58" />
                <SequencePoint vc="0" uspid="87" ordinal="21" sl="87" sc="1" el="87" ec="2" bec="0" bev="0" fileid="58" />
                <SequencePoint vc="0" uspid="88" ordinal="22" sl="88" sc="1" el="88" ec="2" bec="0" bev="0" fileid="58" />
                <SequencePoint vc="0" uspid="90" ordinal="23" sl="90" sc="1" el="90" ec="2" bec="0" bev="0" fileid="58" />
                <SequencePoint vc="0" uspid="91" ordinal="24" sl="91" sc="1" el="91" ec="2" bec="0" bev="0" fileid="58" />
                <SequencePoint vc="0" uspid="94" ordinal="25" sl="94" sc="1" el="94" ec="2" bec="0" bev="0" fileid="58" />
                <SequencePoint vc="0" uspid="95" ordinal="26" sl="95" sc="1" el="95" ec="2" bec="0" bev="0" fileid="58" />
                <SequencePoint vc="0" uspid="96" ordinal="27" sl="96" sc="1" el="96" ec="2" bec="0" bev="0" fileid="58" />
                <SequencePoint vc="0" uspid="97" ordinal="28" sl="97" sc="1" el="97" ec="2" bec="0" bev="0" fileid="58" />
                <SequencePoint vc="0" uspid="99" ordinal="29" sl="99" sc="1" el="99" ec="2" bec="0" bev="0" fileid="58" />
                <SequencePoint vc="0" uspid="100" ordinal="30" sl="100" sc="1" el="100" ec="2" bec="0" bev="0" fileid="58" />
                <SequencePoint vc="0" uspid="102" ordinal="31" sl="102" sc="1" el="102" ec="2" bec="0" bev="0" fileid="58" />
                <SequencePoint vc="0" uspid="103" ordinal="32" sl="103" sc="1" el="103" ec="2" bec="0" bev="0" fileid="58" />
                <SequencePoint vc="0" uspid="104" ordinal="33" sl="104" sc="1" el="104" ec="2" bec="0" bev="0" fileid="58" />
                <SequencePoint vc="0" uspid="105" ordinal="34" sl="105" sc="1" el="105" ec="2" bec="0" bev="0" fileid="58" />
                <SequencePoint vc="0" uspid="108" ordinal="35" sl="108" sc="1" el="108" ec="2" bec="0" bev="0" fileid="58" />
                <SequencePoint vc="0" uspid="109" ordinal="36" sl="109" sc="1" el="109" ec="2" bec="0" bev="0" fileid="58" />
                <SequencePoint vc="0" uspid="110" ordinal="37" sl="110" sc="1" el="110" ec="2" bec="0" bev="0" fileid="58" />
                <SequencePoint vc="0" uspid="111" ordinal="38" sl="111" sc="1" el="111" ec="2" bec="0" bev="0" fileid="58" />
                <SequencePoint vc="0" uspid="114" ordinal="39" sl="114" sc="1" el="114" ec="2" bec="0" bev="0" fileid="58" />
                <SequencePoint vc="0" uspid="115" ordinal="40" sl="115" sc="1" el="115" ec="2" bec="0" bev="0" fileid="58" />
                <SequencePoint vc="0" uspid="116" ordinal="41" sl="116" sc="1" el="116" ec="2" bec="0" bev="0" fileid="58" />
                <SequencePoint vc="0" uspid="117" ordinal="42" sl="117" sc="1" el="117" ec="2" bec="0" bev="0" fileid="58" />
                <SequencePoint vc="0" uspid="120" ordinal="43" sl="120" sc="1" el="120" ec="2" bec="0" bev="0" fileid="58" />
                <SequencePoint vc="0" uspid="121" ordinal="44" sl="121" sc="1" el="121" ec="2" bec="4" bev="0" fileid="58" />
                <SequencePoint vc="0" uspid="122" ordinal="45" sl="122" sc="1" el="122" ec="2" bec="0" bev="0" fileid="58" />
                <SequencePoint vc="0" uspid="123" ordinal="46" sl="123" sc="1" el="123" ec="2" bec="0" bev="0" fileid="58" />
                <SequencePoint vc="0" uspid="125" ordinal="47" sl="125" sc="1" el="125" ec="2" bec="0" bev="0" fileid="58" />
                <SequencePoint vc="0" uspid="126" ordinal="48" sl="126" sc="1" el="126" ec="2" bec="0" bev="0" fileid="58" />
                <SequencePoint vc="0" uspid="127" ordinal="49" sl="127" sc="1" el="127" ec="2" bec="0" bev="0" fileid="58" />
                <SequencePoint vc="0" uspid="128" ordinal="50" sl="128" sc="1" el="128" ec="2" bec="0" bev="0" fileid="58" />
                <SequencePoint vc="0" uspid="129" ordinal="51" sl="129" sc="1" el="129" ec="2" bec="0" bev="0" fileid="58" />
                <SequencePoint vc="0" uspid="132" ordinal="52" sl="132" sc="1" el="132" ec="2" bec="0" bev="0" fileid="58" />
                <SequencePoint vc="0" uspid="133" ordinal="53" sl="133" sc="1" el="133" ec="2" bec="2" bev="0" fileid="58" />
                <SequencePoint vc="0" uspid="134" ordinal="54" sl="134" sc="1" el="134" ec="2" bec="0" bev="0" fileid="58" />
                <SequencePoint vc="0" uspid="135" ordinal="55" sl="135" sc="1" el="135" ec="2" bec="0" bev="0" fileid="58" />
                <SequencePoint vc="0" uspid="136" ordinal="56" sl="136" sc="1" el="136" ec="2" bec="0" bev="0" fileid="58" />
                <SequencePoint vc="0" uspid="137" ordinal="57" sl="137" sc="1" el="137" ec="2" bec="0" bev="0" fileid="58" />
                <SequencePoint vc="0" uspid="138" ordinal="58" sl="138" sc="1" el="138" ec="2" bec="0" bev="0" fileid="58" />
                <SequencePoint vc="0" uspid="139" ordinal="59" sl="139" sc="1" el="139" ec="2" bec="0" bev="0" fileid="58" />
                <SequencePoint vc="0" uspid="140" ordinal="60" sl="140" sc="1" el="140" ec="2" bec="0" bev="0" fileid="58" />
                <SequencePoint vc="0" uspid="141" ordinal="61" sl="141" sc="1" el="141" ec="2" bec="0" bev="0" fileid="58" />
                <SequencePoint vc="0" uspid="142" ordinal="62" sl="142" sc="1" el="142" ec="2" bec="0" bev="0" fileid="58" />
                <SequencePoint vc="0" uspid="143" ordinal="63" sl="143" sc="1" el="143" ec="2" bec="0" bev="0" fileid="58" />
                <SequencePoint vc="0" uspid="144" ordinal="64" sl="144" sc="1" el="144" ec="2" bec="0" bev="0" fileid="58" />
                <SequencePoint vc="0" uspid="145" ordinal="65" sl="145" sc="1" el="145" ec="2" bec="0" bev="0" fileid="58" />
                <SequencePoint vc="0" uspid="146" ordinal="66" sl="146" sc="1" el="146" ec="2" bec="0" bev="0" fileid="58" />
                <SequencePoint vc="0" uspid="147" ordinal="67" sl="147" sc="1" el="147" ec="2" bec="0" bev="0" fileid="58" />
                <SequencePoint vc="0" uspid="148" ordinal="68" sl="148" sc="1" el="148" ec="2" bec="0" bev="0" fileid="58" />
                <SequencePoint vc="0" uspid="149" ordinal="69" sl="149" sc="1" el="149" ec="2" bec="0" bev="0" fileid="58" />
                <SequencePoint vc="0" uspid="150" ordinal="70" sl="150" sc="1" el="150" ec="2" bec="0" bev="0" fileid="58" />
                <SequencePoint vc="0" uspid="151" ordinal="71" sl="151" sc="1" el="151" ec="2" bec="0" bev="0" fileid="58" />
                <SequencePoint vc="0" uspid="152" ordinal="72" sl="152" sc="1" el="152" ec="2" bec="0" bev="0" fileid="58" />
                <SequencePoint vc="0" uspid="153" ordinal="73" sl="153" sc="1" el="153" ec="2" bec="0" bev="0" fileid="58" />
              </SequencePoints>
              <BranchPoints>
                <BranchPoint vc="0" uspid="85" ordinal="3" path="1" offset="1459" offsetend="468" sl="85" fileid="58" />
                <BranchPoint vc="0" uspid="85" ordinal="0" path="0" offset="1436" offsetend="1438" sl="85" fileid="58" />
                <BranchPoint vc="0" uspid="85" ordinal="1" path="1" offset="1436" offsetend="1454" sl="85" fileid="58" />
                <BranchPoint vc="0" uspid="85" ordinal="2" path="0" offset="1459" offsetend="1464" sl="85" fileid="58" />
                <BranchPoint vc="0" uspid="121" ordinal="4" path="0" offset="1494" offsetend="1496" sl="121" fileid="58" />
                <BranchPoint vc="0" uspid="121" ordinal="5" path="1" offset="1494" offsetend="1500" sl="121" fileid="58" />
                <BranchPoint vc="0" uspid="121" ordinal="6" path="0" offset="1506" offsetend="1508" sl="121" fileid="58" />
                <BranchPoint vc="0" uspid="121" ordinal="7" path="1" offset="1506" offsetend="1514" sl="121" fileid="58" />
                <BranchPoint vc="0" uspid="133" ordinal="8" path="0" offset="1855" offsetend="1860" sl="133" fileid="58" />
                <BranchPoint vc="0" uspid="133" ordinal="9" path="1" offset="1855" offsetend="2109" sl="133" fileid="58" />
              </BranchPoints>
              <MethodPoint vc="0" uspid="0" p8:type="SequencePoint" ordinal="0" offset="0" sc="0" sl="58" ec="1" el="153" bec="0" bev="0" fileid="58" xmlns:p8="xsi" />
            </Method>
          </Methods>
        </Class>
      </Classes>
    </Module>
  </Modules>
</CoverageSession>